<?xml version="1.0" encoding="UTF-8"?>
<coverage generated="1595438300608" clover="3.2.0">
  <project timestamp="1595438300608" name="All files">
    <metrics statements="153" coveredstatements="47" conditionals="14" coveredconditionals="10" methods="78" coveredmethods="7" elements="245" coveredelements="64" complexity="0" loc="153" ncloc="153" packages="5" files="15" classes="15"/>
    <package name="my-fly-box-ui">
      <metrics statements="38" coveredstatements="10" conditionals="0" coveredconditionals="0" methods="12" coveredmethods="0"/>
      <file name="ApiCalls.js" path="/Users/rachaelthomas/turing/4module/cross-poll/my-fly-box-ui/ApiCalls.js">
        <metrics statements="24" coveredstatements="4" conditionals="0" coveredconditionals="0" methods="4" coveredmethods="0"/>
        <line num="1" count="1" type="stmt"/>
        <line num="2" count="0" type="stmt"/>
        <line num="3" count="0" type="stmt"/>
        <line num="6" count="0" type="stmt"/>
        <line num="7" count="0" type="stmt"/>
        <line num="9" count="0" type="stmt"/>
        <line num="13" count="1" type="stmt"/>
        <line num="14" count="0" type="stmt"/>
        <line num="15" count="0" type="stmt"/>
        <line num="22" count="0" type="stmt"/>
        <line num="23" count="0" type="stmt"/>
        <line num="25" count="0" type="stmt"/>
        <line num="29" count="1" type="stmt"/>
        <line num="30" count="0" type="stmt"/>
        <line num="31" count="0" type="stmt"/>
        <line num="38" count="0" type="stmt"/>
        <line num="39" count="0" type="stmt"/>
        <line num="41" count="0" type="stmt"/>
        <line num="44" count="1" type="stmt"/>
        <line num="45" count="0" type="stmt"/>
        <line num="46" count="0" type="stmt"/>
        <line num="55" count="0" type="stmt"/>
        <line num="56" count="0" type="stmt"/>
        <line num="58" count="0" type="stmt"/>
      </file>
      <file name="App.js" path="/Users/rachaelthomas/turing/4module/cross-poll/my-fly-box-ui/App.js">
        <metrics statements="14" coveredstatements="6" conditionals="0" coveredconditionals="0" methods="8" coveredmethods="0"/>
        <line num="19" count="1" type="stmt"/>
        <line num="20" count="1" type="stmt"/>
        <line num="21" count="1" type="stmt"/>
        <line num="22" count="1" type="stmt"/>
        <line num="23" count="1" type="stmt"/>
        <line num="26" count="0" type="stmt"/>
        <line num="38" count="0" type="stmt"/>
        <line num="47" count="0" type="stmt"/>
        <line num="56" count="0" type="stmt"/>
        <line num="64" count="0" type="stmt"/>
        <line num="97" count="0" type="stmt"/>
        <line num="117" count="0" type="stmt"/>
        <line num="166" count="0" type="stmt"/>
        <line num="176" count="1" type="stmt"/>
      </file>
    </package>
    <package name="my-fly-box-ui.actions">
      <metrics statements="6" coveredstatements="6" conditionals="0" coveredconditionals="0" methods="6" coveredmethods="4"/>
      <file name="index.js" path="/Users/rachaelthomas/turing/4module/cross-poll/my-fly-box-ui/actions/index.js">
        <metrics statements="6" coveredstatements="6" conditionals="0" coveredconditionals="0" methods="6" coveredmethods="4"/>
        <line num="1" count="3" type="stmt"/>
        <line num="6" count="3" type="stmt"/>
        <line num="11" count="3" type="stmt"/>
        <line num="17" count="3" type="stmt"/>
        <line num="21" count="3" type="stmt"/>
        <line num="26" count="3" type="stmt"/>
      </file>
    </package>
    <package name="my-fly-box-ui.components">
      <metrics statements="35" coveredstatements="5" conditionals="0" coveredconditionals="0" methods="19" coveredmethods="0"/>
      <file name="Fly.js" path="/Users/rachaelthomas/turing/4module/cross-poll/my-fly-box-ui/components/Fly.js">
        <metrics statements="14" coveredstatements="2" conditionals="0" coveredconditionals="0" methods="10" coveredmethods="0"/>
        <line num="11" count="0" type="stmt"/>
        <line num="14" count="0" type="stmt"/>
        <line num="15" count="0" type="stmt"/>
        <line num="18" count="0" type="stmt"/>
        <line num="19" count="0" type="stmt"/>
        <line num="25" count="0" type="stmt"/>
        <line num="28" count="0" type="stmt"/>
        <line num="34" count="0" type="stmt"/>
        <line num="40" count="0" type="stmt"/>
        <line num="41" count="0" type="stmt"/>
        <line num="46" count="0" type="stmt"/>
        <line num="54" count="1" type="stmt"/>
        <line num="87" count="1" type="stmt"/>
        <line num="88" count="0" type="stmt"/>
      </file>
      <file name="FlyForm.js" path="/Users/rachaelthomas/turing/4module/cross-poll/my-fly-box-ui/components/FlyForm.js">
        <metrics statements="21" coveredstatements="3" conditionals="0" coveredconditionals="0" methods="9" coveredmethods="0"/>
        <line num="7" count="0" type="stmt"/>
        <line num="15" count="0" type="stmt"/>
        <line num="16" count="0" type="stmt"/>
        <line num="17" count="0" type="stmt"/>
        <line num="20" count="0" type="stmt"/>
        <line num="21" count="0" type="stmt"/>
        <line num="22" count="0" type="stmt"/>
        <line num="25" count="0" type="stmt"/>
        <line num="26" count="0" type="stmt"/>
        <line num="27" count="0" type="stmt"/>
        <line num="30" count="0" type="stmt"/>
        <line num="31" count="0" type="stmt"/>
        <line num="32" count="0" type="stmt"/>
        <line num="35" count="0" type="stmt"/>
        <line num="36" count="0" type="stmt"/>
        <line num="37" count="0" type="stmt"/>
        <line num="41" count="0" type="stmt"/>
        <line num="84" count="2" type="stmt"/>
        <line num="94" count="2" type="stmt"/>
        <line num="98" count="2" type="stmt"/>
        <line num="99" count="0" type="stmt"/>
      </file>
    </package>
    <package name="my-fly-box-ui.containers">
      <metrics statements="55" coveredstatements="11" conditionals="2" coveredconditionals="0" methods="38" coveredmethods="0"/>
      <file name="AddFish.js" path="/Users/rachaelthomas/turing/4module/cross-poll/my-fly-box-ui/containers/AddFish.js">
        <metrics statements="1" coveredstatements="0" conditionals="0" coveredconditionals="0" methods="1" coveredmethods="0"/>
        <line num="5" count="0" type="stmt"/>
      </file>
      <file name="AddFly.js" path="/Users/rachaelthomas/turing/4module/cross-poll/my-fly-box-ui/containers/AddFly.js">
        <metrics statements="16" coveredstatements="3" conditionals="0" coveredconditionals="0" methods="10" coveredmethods="0"/>
        <line num="10" count="0" type="stmt"/>
        <line num="13" count="0" type="stmt"/>
        <line num="14" count="0" type="stmt"/>
        <line num="15" count="0" type="stmt"/>
        <line num="17" count="0" type="stmt"/>
        <line num="18" count="0" type="stmt"/>
        <line num="24" count="0" type="stmt"/>
        <line num="31" count="0" type="stmt"/>
        <line num="32" count="0" type="stmt"/>
        <line num="39" count="0" type="stmt"/>
        <line num="40" count="0" type="stmt"/>
        <line num="50" count="1" type="stmt"/>
        <line num="65" count="1" type="stmt"/>
        <line num="69" count="1" type="stmt"/>
        <line num="70" count="0" type="stmt"/>
        <line num="71" count="0" type="stmt"/>
      </file>
      <file name="EditFish.js" path="/Users/rachaelthomas/turing/4module/cross-poll/my-fly-box-ui/containers/EditFish.js">
        <metrics statements="1" coveredstatements="0" conditionals="0" coveredconditionals="0" methods="1" coveredmethods="0"/>
        <line num="5" count="0" type="stmt"/>
      </file>
      <file name="EditFly.js" path="/Users/rachaelthomas/turing/4module/cross-poll/my-fly-box-ui/containers/EditFly.js">
        <metrics statements="19" coveredstatements="3" conditionals="0" coveredconditionals="0" methods="12" coveredmethods="0"/>
        <line num="10" count="0" type="stmt"/>
        <line num="11" count="0" type="stmt"/>
        <line num="16" count="0" type="stmt"/>
        <line num="17" count="0" type="stmt"/>
        <line num="18" count="0" type="stmt"/>
        <line num="19" count="0" type="stmt"/>
        <line num="22" count="0" type="stmt"/>
        <line num="23" count="0" type="stmt"/>
        <line num="26" count="0" type="stmt"/>
        <line num="27" count="0" type="stmt"/>
        <line num="31" count="0" type="stmt"/>
        <line num="37" count="0" type="stmt"/>
        <line num="44" count="0" type="stmt"/>
        <line num="45" count="0" type="stmt"/>
        <line num="54" count="1" type="stmt"/>
        <line num="69" count="1" type="stmt"/>
        <line num="74" count="1" type="stmt"/>
        <line num="75" count="0" type="stmt"/>
        <line num="76" count="0" type="stmt"/>
      </file>
      <file name="FishCaught.js" path="/Users/rachaelthomas/turing/4module/cross-poll/my-fly-box-ui/containers/FishCaught.js">
        <metrics statements="3" coveredstatements="1" conditionals="0" coveredconditionals="0" methods="2" coveredmethods="0"/>
        <line num="12" count="0" type="stmt"/>
        <line num="17" count="0" type="stmt"/>
        <line num="26" count="1" type="stmt"/>
      </file>
      <file name="FlyBox.js" path="/Users/rachaelthomas/turing/4module/cross-poll/my-fly-box-ui/containers/FlyBox.js">
        <metrics statements="15" coveredstatements="4" conditionals="2" coveredconditionals="0" methods="12" coveredmethods="0"/>
        <line num="8" count="1" type="stmt"/>
        <line num="9" count="0" type="stmt"/>
        <line num="16" count="0" type="stmt"/>
        <line num="20" count="0" type="stmt"/>
        <line num="24" count="0" type="stmt"/>
        <line num="27" count="0" type="stmt"/>
        <line num="28" count="0" type="cond" truecount="0" falsecount="2"/>
        <line num="29" count="0" type="stmt"/>
        <line num="35" count="0" type="stmt"/>
        <line num="40" count="0" type="stmt"/>
        <line num="57" count="0" type="stmt"/>
        <line num="72" count="1" type="stmt"/>
        <line num="97" count="1" type="stmt"/>
        <line num="101" count="1" type="stmt"/>
        <line num="102" count="0" type="stmt"/>
      </file>
    </package>
    <package name="my-fly-box-ui.reducers">
      <metrics statements="19" coveredstatements="15" conditionals="12" coveredconditionals="10" methods="3" coveredmethods="3"/>
      <file name="currentFlies.js" path="/Users/rachaelthomas/turing/4module/cross-poll/my-fly-box-ui/reducers/currentFlies.js">
        <metrics statements="5" coveredstatements="5" conditionals="4" coveredconditionals="4" methods="1" coveredmethods="1"/>
        <line num="1" count="2" type="cond" truecount="1" falsecount="0"/>
        <line num="2" count="6" type="cond" truecount="3" falsecount="0"/>
        <line num="4" count="1" type="stmt"/>
        <line num="6" count="1" type="stmt"/>
        <line num="8" count="4" type="stmt"/>
      </file>
      <file name="currentFlyEntry.js" path="/Users/rachaelthomas/turing/4module/cross-poll/my-fly-box-ui/reducers/currentFlyEntry.js">
        <metrics statements="8" coveredstatements="6" conditionals="5" coveredconditionals="4" methods="1" coveredmethods="1"/>
        <line num="1" count="2" type="cond" truecount="1" falsecount="0"/>
        <line num="7" count="6" type="cond" truecount="3" falsecount="1"/>
        <line num="9" count="0" type="stmt"/>
        <line num="10" count="0" type="stmt"/>
        <line num="13" count="1" type="stmt"/>
        <line num="14" count="1" type="stmt"/>
        <line num="17" count="1" type="stmt"/>
        <line num="24" count="4" type="stmt"/>
      </file>
      <file name="index.js" path="/Users/rachaelthomas/turing/4module/cross-poll/my-fly-box-ui/reducers/index.js">
        <metrics statements="1" coveredstatements="1" conditionals="0" coveredconditionals="0" methods="0" coveredmethods="0"/>
        <line num="6" count="1" type="stmt"/>
      </file>
      <file name="selectedFlyId.js" path="/Users/rachaelthomas/turing/4module/cross-poll/my-fly-box-ui/reducers/selectedFlyId.js">
        <metrics statements="5" coveredstatements="3" conditionals="3" coveredconditionals="2" methods="1" coveredmethods="1"/>
        <line num="1" count="1" type="cond" truecount="1" falsecount="0"/>
        <line num="2" count="3" type="cond" truecount="1" falsecount="1"/>
        <line num="4" count="0" type="stmt"/>
        <line num="5" count="0" type="stmt"/>
        <line num="7" count="3" type="stmt"/>
      </file>
    </package>
  </project>
</coverage>
