{"/Users/timnguyen/turing/4module/MyFlyBox/my-fly-box-ui/ApiCalls.js": {"path":"/Users/timnguyen/turing/4module/MyFlyBox/my-fly-box-ui/ApiCalls.js","statementMap":{"0":{"start":{"line":2,"column":26},"end":{"line":12,"column":1}},"1":{"start":{"line":3,"column":2},"end":{"line":11,"column":3}},"2":{"start":{"line":4,"column":21},"end":{"line":6,"column":5}},"3":{"start":{"line":7,"column":20},"end":{"line":7,"column":41}},"4":{"start":{"line":8,"column":4},"end":{"line":8,"column":19}},"5":{"start":{"line":10,"column":4},"end":{"line":10,"column":25}},"6":{"start":{"line":14,"column":27},"end":{"line":31,"column":1}},"7":{"start":{"line":15,"column":2},"end":{"line":30,"column":3}},"8":{"start":{"line":16,"column":21},"end":{"line":25,"column":5}},"9":{"start":{"line":26,"column":28},"end":{"line":26,"column":49}},"10":{"start":{"line":27,"column":4},"end":{"line":27,"column":27}},"11":{"start":{"line":29,"column":4},"end":{"line":29,"column":25}},"12":{"start":{"line":33,"column":29},"end":{"line":50,"column":1}},"13":{"start":{"line":34,"column":2},"end":{"line":49,"column":3}},"14":{"start":{"line":35,"column":21},"end":{"line":44,"column":5}},"15":{"start":{"line":45,"column":28},"end":{"line":45,"column":49}},"16":{"start":{"line":46,"column":4},"end":{"line":46,"column":27}},"17":{"start":{"line":48,"column":4},"end":{"line":48,"column":25}},"18":{"start":{"line":52,"column":25},"end":{"line":68,"column":1}},"19":{"start":{"line":53,"column":2},"end":{"line":67,"column":3}},"20":{"start":{"line":54,"column":21},"end":{"line":62,"column":5}},"21":{"start":{"line":63,"column":29},"end":{"line":63,"column":50}},"22":{"start":{"line":64,"column":4},"end":{"line":64,"column":34}},"23":{"start":{"line":66,"column":4},"end":{"line":66,"column":25}},"24":{"start":{"line":71,"column":25},"end":{"line":81,"column":1}},"25":{"start":{"line":72,"column":2},"end":{"line":80,"column":3}},"26":{"start":{"line":73,"column":21},"end":{"line":75,"column":5}},"27":{"start":{"line":76,"column":21},"end":{"line":76,"column":42}},"28":{"start":{"line":77,"column":4},"end":{"line":77,"column":20}},"29":{"start":{"line":79,"column":4},"end":{"line":79,"column":25}},"30":{"start":{"line":83,"column":28},"end":{"line":100,"column":1}},"31":{"start":{"line":84,"column":2},"end":{"line":99,"column":3}},"32":{"start":{"line":85,"column":21},"end":{"line":94,"column":5}},"33":{"start":{"line":95,"column":29},"end":{"line":95,"column":50}},"34":{"start":{"line":96,"column":4},"end":{"line":96,"column":28}},"35":{"start":{"line":98,"column":4},"end":{"line":98,"column":25}},"36":{"start":{"line":102,"column":30},"end":{"line":119,"column":1}},"37":{"start":{"line":103,"column":2},"end":{"line":118,"column":3}},"38":{"start":{"line":104,"column":21},"end":{"line":113,"column":5}},"39":{"start":{"line":114,"column":29},"end":{"line":114,"column":50}},"40":{"start":{"line":115,"column":4},"end":{"line":115,"column":28}},"41":{"start":{"line":117,"column":4},"end":{"line":117,"column":25}},"42":{"start":{"line":121,"column":26},"end":{"line":137,"column":1}},"43":{"start":{"line":122,"column":2},"end":{"line":136,"column":3}},"44":{"start":{"line":123,"column":21},"end":{"line":131,"column":5}},"45":{"start":{"line":132,"column":29},"end":{"line":132,"column":50}},"46":{"start":{"line":133,"column":4},"end":{"line":133,"column":34}},"47":{"start":{"line":135,"column":4},"end":{"line":135,"column":25}}},"fnMap":{"0":{"name":"(anonymous_0)","decl":{"start":{"line":2,"column":26},"end":{"line":2,"column":27}},"loc":{"start":{"line":2,"column":38},"end":{"line":12,"column":1}},"line":2},"1":{"name":"(anonymous_1)","decl":{"start":{"line":14,"column":27},"end":{"line":14,"column":28}},"loc":{"start":{"line":14,"column":46},"end":{"line":31,"column":1}},"line":14},"2":{"name":"(anonymous_2)","decl":{"start":{"line":33,"column":29},"end":{"line":33,"column":30}},"loc":{"start":{"line":33,"column":48},"end":{"line":50,"column":1}},"line":33},"3":{"name":"(anonymous_3)","decl":{"start":{"line":52,"column":25},"end":{"line":52,"column":26}},"loc":{"start":{"line":52,"column":42},"end":{"line":68,"column":1}},"line":52},"4":{"name":"(anonymous_4)","decl":{"start":{"line":71,"column":25},"end":{"line":71,"column":26}},"loc":{"start":{"line":71,"column":37},"end":{"line":81,"column":1}},"line":71},"5":{"name":"(anonymous_5)","decl":{"start":{"line":83,"column":28},"end":{"line":83,"column":29}},"loc":{"start":{"line":83,"column":48},"end":{"line":100,"column":1}},"line":83},"6":{"name":"(anonymous_6)","decl":{"start":{"line":102,"column":30},"end":{"line":102,"column":31}},"loc":{"start":{"line":102,"column":50},"end":{"line":119,"column":1}},"line":102},"7":{"name":"(anonymous_7)","decl":{"start":{"line":121,"column":26},"end":{"line":121,"column":27}},"loc":{"start":{"line":121,"column":44},"end":{"line":137,"column":1}},"line":121}},"branchMap":{},"s":{"0":1,"1":0,"2":0,"3":0,"4":0,"5":0,"6":1,"7":0,"8":0,"9":0,"10":0,"11":0,"12":1,"13":0,"14":0,"15":0,"16":0,"17":0,"18":1,"19":0,"20":0,"21":0,"22":0,"23":0,"24":1,"25":0,"26":0,"27":0,"28":0,"29":0,"30":1,"31":0,"32":0,"33":0,"34":0,"35":0,"36":1,"37":0,"38":0,"39":0,"40":0,"41":0,"42":1,"43":0,"44":0,"45":0,"46":0,"47":0},"f":{"0":0,"1":0,"2":0,"3":0,"4":0,"5":0,"6":0,"7":0},"b":{},"_coverageSchema":"1a1c01bbd47fc00a2c39e90264f33305004495a9","hash":"47a498cdadaf76e0107553dbb91f6af01b53340d"}
,"/Users/timnguyen/turing/4module/MyFlyBox/my-fly-box-ui/App.js": {"path":"/Users/timnguyen/turing/4module/MyFlyBox/my-fly-box-ui/App.js","statementMap":{"0":{"start":{"line":18,"column":12},"end":{"line":18,"column":46}},"1":{"start":{"line":19,"column":20},"end":{"line":19,"column":42}},"2":{"start":{"line":20,"column":20},"end":{"line":20,"column":42}},"3":{"start":{"line":21,"column":18},"end":{"line":21,"column":40}},"4":{"start":{"line":22,"column":14},"end":{"line":22,"column":61}},"5":{"start":{"line":25,"column":2},"end":{"line":62,"column":4}},"6":{"start":{"line":37,"column":12},"end":{"line":37,"column":74}},"7":{"start":{"line":47,"column":12},"end":{"line":47,"column":74}},"8":{"start":{"line":57,"column":12},"end":{"line":57,"column":74}},"9":{"start":{"line":66,"column":2},"end":{"line":97,"column":4}},"10":{"start":{"line":101,"column":2},"end":{"line":118,"column":4}},"11":{"start":{"line":122,"column":2},"end":{"line":167,"column":4}},"12":{"start":{"line":172,"column":4},"end":{"line":178,"column":6}},"13":{"start":{"line":182,"column":15},"end":{"line":189,"column":2}}},"fnMap":{"0":{"name":"MyTabs","decl":{"start":{"line":24,"column":9},"end":{"line":24,"column":15}},"loc":{"start":{"line":24,"column":18},"end":{"line":63,"column":1}},"line":24},"1":{"name":"(anonymous_1)","decl":{"start":{"line":36,"column":22},"end":{"line":36,"column":23}},"loc":{"start":{"line":37,"column":12},"end":{"line":37,"column":74}},"line":37},"2":{"name":"(anonymous_2)","decl":{"start":{"line":46,"column":22},"end":{"line":46,"column":23}},"loc":{"start":{"line":47,"column":12},"end":{"line":47,"column":74}},"line":47},"3":{"name":"(anonymous_3)","decl":{"start":{"line":56,"column":22},"end":{"line":56,"column":23}},"loc":{"start":{"line":57,"column":12},"end":{"line":57,"column":74}},"line":57},"4":{"name":"FlyBoxContainer","decl":{"start":{"line":65,"column":9},"end":{"line":65,"column":24}},"loc":{"start":{"line":65,"column":27},"end":{"line":98,"column":1}},"line":65},"5":{"name":"AddFlyContainer","decl":{"start":{"line":100,"column":9},"end":{"line":100,"column":24}},"loc":{"start":{"line":100,"column":27},"end":{"line":119,"column":1}},"line":100},"6":{"name":"FishContainer","decl":{"start":{"line":121,"column":9},"end":{"line":121,"column":22}},"loc":{"start":{"line":121,"column":25},"end":{"line":168,"column":1}},"line":121},"7":{"name":"(anonymous_7)","decl":{"start":{"line":171,"column":2},"end":{"line":171,"column":3}},"loc":{"start":{"line":171,"column":11},"end":{"line":179,"column":3}},"line":171}},"branchMap":{},"s":{"0":1,"1":1,"2":1,"3":1,"4":1,"5":0,"6":0,"7":0,"8":0,"9":0,"10":0,"11":0,"12":0,"13":1},"f":{"0":0,"1":0,"2":0,"3":0,"4":0,"5":0,"6":0,"7":0},"b":{},"_coverageSchema":"1a1c01bbd47fc00a2c39e90264f33305004495a9","hash":"a4b9c2a92149e97f1936702a915a004827a9cc38"}
,"/Users/timnguyen/turing/4module/MyFlyBox/my-fly-box-ui/actions/index.js": {"path":"/Users/timnguyen/turing/4module/MyFlyBox/my-fly-box-ui/actions/index.js","statementMap":{"0":{"start":{"line":2,"column":24},"end":{"line":5,"column":2}},"1":{"start":{"line":2,"column":33},"end":{"line":5,"column":1}},"2":{"start":{"line":7,"column":22},"end":{"line":10,"column":2}},"3":{"start":{"line":7,"column":31},"end":{"line":10,"column":1}},"4":{"start":{"line":12,"column":25},"end":{"line":15,"column":2}},"5":{"start":{"line":12,"column":36},"end":{"line":15,"column":1}},"6":{"start":{"line":17,"column":25},"end":{"line":20,"column":2}},"7":{"start":{"line":17,"column":34},"end":{"line":20,"column":1}},"8":{"start":{"line":23,"column":30},"end":{"line":27,"column":2}},"9":{"start":{"line":23,"column":48},"end":{"line":27,"column":1}},"10":{"start":{"line":29,"column":29},"end":{"line":31,"column":2}},"11":{"start":{"line":29,"column":36},"end":{"line":31,"column":1}},"12":{"start":{"line":33,"column":29},"end":{"line":36,"column":2}},"13":{"start":{"line":33,"column":40},"end":{"line":36,"column":1}},"14":{"start":{"line":39,"column":32},"end":{"line":42,"column":2}},"15":{"start":{"line":39,"column":43},"end":{"line":42,"column":1}},"16":{"start":{"line":45,"column":31},"end":{"line":49,"column":2}},"17":{"start":{"line":45,"column":49},"end":{"line":49,"column":1}},"18":{"start":{"line":51,"column":30},"end":{"line":54,"column":2}},"19":{"start":{"line":51,"column":41},"end":{"line":54,"column":1}},"20":{"start":{"line":56,"column":30},"end":{"line":58,"column":2}},"21":{"start":{"line":56,"column":37},"end":{"line":58,"column":1}},"22":{"start":{"line":61,"column":23},"end":{"line":64,"column":2}},"23":{"start":{"line":61,"column":32},"end":{"line":64,"column":1}},"24":{"start":{"line":66,"column":23},"end":{"line":69,"column":2}},"25":{"start":{"line":66,"column":32},"end":{"line":69,"column":1}},"26":{"start":{"line":71,"column":26},"end":{"line":74,"column":2}},"27":{"start":{"line":71,"column":37},"end":{"line":74,"column":1}},"28":{"start":{"line":76,"column":26},"end":{"line":79,"column":2}},"29":{"start":{"line":76,"column":35},"end":{"line":79,"column":1}},"30":{"start":{"line":82,"column":33},"end":{"line":85,"column":2}},"31":{"start":{"line":82,"column":44},"end":{"line":85,"column":1}}},"fnMap":{"0":{"name":"(anonymous_0)","decl":{"start":{"line":2,"column":24},"end":{"line":2,"column":25}},"loc":{"start":{"line":2,"column":33},"end":{"line":5,"column":1}},"line":2},"1":{"name":"(anonymous_1)","decl":{"start":{"line":7,"column":22},"end":{"line":7,"column":23}},"loc":{"start":{"line":7,"column":31},"end":{"line":10,"column":1}},"line":7},"2":{"name":"(anonymous_2)","decl":{"start":{"line":12,"column":25},"end":{"line":12,"column":26}},"loc":{"start":{"line":12,"column":36},"end":{"line":15,"column":1}},"line":12},"3":{"name":"(anonymous_3)","decl":{"start":{"line":17,"column":25},"end":{"line":17,"column":26}},"loc":{"start":{"line":17,"column":34},"end":{"line":20,"column":1}},"line":17},"4":{"name":"(anonymous_4)","decl":{"start":{"line":23,"column":30},"end":{"line":23,"column":31}},"loc":{"start":{"line":23,"column":48},"end":{"line":27,"column":1}},"line":23},"5":{"name":"(anonymous_5)","decl":{"start":{"line":29,"column":29},"end":{"line":29,"column":30}},"loc":{"start":{"line":29,"column":36},"end":{"line":31,"column":1}},"line":29},"6":{"name":"(anonymous_6)","decl":{"start":{"line":33,"column":29},"end":{"line":33,"column":30}},"loc":{"start":{"line":33,"column":40},"end":{"line":36,"column":1}},"line":33},"7":{"name":"(anonymous_7)","decl":{"start":{"line":39,"column":32},"end":{"line":39,"column":33}},"loc":{"start":{"line":39,"column":43},"end":{"line":42,"column":1}},"line":39},"8":{"name":"(anonymous_8)","decl":{"start":{"line":45,"column":31},"end":{"line":45,"column":32}},"loc":{"start":{"line":45,"column":49},"end":{"line":49,"column":1}},"line":45},"9":{"name":"(anonymous_9)","decl":{"start":{"line":51,"column":30},"end":{"line":51,"column":31}},"loc":{"start":{"line":51,"column":41},"end":{"line":54,"column":1}},"line":51},"10":{"name":"(anonymous_10)","decl":{"start":{"line":56,"column":30},"end":{"line":56,"column":31}},"loc":{"start":{"line":56,"column":37},"end":{"line":58,"column":1}},"line":56},"11":{"name":"(anonymous_11)","decl":{"start":{"line":61,"column":23},"end":{"line":61,"column":24}},"loc":{"start":{"line":61,"column":32},"end":{"line":64,"column":1}},"line":61},"12":{"name":"(anonymous_12)","decl":{"start":{"line":66,"column":23},"end":{"line":66,"column":24}},"loc":{"start":{"line":66,"column":32},"end":{"line":69,"column":1}},"line":66},"13":{"name":"(anonymous_13)","decl":{"start":{"line":71,"column":26},"end":{"line":71,"column":27}},"loc":{"start":{"line":71,"column":37},"end":{"line":74,"column":1}},"line":71},"14":{"name":"(anonymous_14)","decl":{"start":{"line":76,"column":26},"end":{"line":76,"column":27}},"loc":{"start":{"line":76,"column":35},"end":{"line":79,"column":1}},"line":76},"15":{"name":"(anonymous_15)","decl":{"start":{"line":82,"column":33},"end":{"line":82,"column":34}},"loc":{"start":{"line":82,"column":44},"end":{"line":85,"column":1}},"line":82}},"branchMap":{},"s":{"0":3,"1":2,"2":3,"3":1,"4":3,"5":1,"6":3,"7":1,"8":3,"9":2,"10":3,"11":1,"12":3,"13":1,"14":3,"15":1,"16":3,"17":0,"18":3,"19":0,"20":3,"21":0,"22":3,"23":0,"24":3,"25":0,"26":3,"27":0,"28":3,"29":0,"30":3,"31":0},"f":{"0":2,"1":1,"2":1,"3":1,"4":2,"5":1,"6":1,"7":1,"8":0,"9":0,"10":0,"11":0,"12":0,"13":0,"14":0,"15":0},"b":{},"_coverageSchema":"1a1c01bbd47fc00a2c39e90264f33305004495a9","hash":"2f4bc0d644311c7cd9d3804c0b5abd4c60a22798"}
,"/Users/timnguyen/turing/4module/MyFlyBox/my-fly-box-ui/components/Fish.js": {"path":"/Users/timnguyen/turing/4module/MyFlyBox/my-fly-box-ui/components/Fish.js","statementMap":{"0":{"start":{"line":9,"column":4},"end":{"line":9,"column":17}},"1":{"start":{"line":12,"column":22},"end":{"line":14,"column":3}},"2":{"start":{"line":13,"column":4},"end":{"line":13,"column":53}},"3":{"start":{"line":16,"column":18},"end":{"line":29,"column":5}},"4":{"start":{"line":17,"column":4},"end":{"line":29,"column":5}},"5":{"start":{"line":23,"column":25},"end":{"line":23,"column":54}},"6":{"start":{"line":26,"column":37},"end":{"line":26,"column":68}},"7":{"start":{"line":32,"column":4},"end":{"line":64,"column":6}},"8":{"start":{"line":36,"column":12},"end":{"line":36,"column":37}},"9":{"start":{"line":37,"column":12},"end":{"line":37,"column":55}},"10":{"start":{"line":54,"column":27},"end":{"line":54,"column":65}},"11":{"start":{"line":68,"column":15},"end":{"line":89,"column":2}},"12":{"start":{"line":91,"column":27},"end":{"line":93,"column":2}},"13":{"start":{"line":91,"column":42},"end":{"line":93,"column":1}},"14":{"start":{"line":92,"column":29},"end":{"line":92,"column":64}}},"fnMap":{"0":{"name":"(anonymous_0)","decl":{"start":{"line":8,"column":2},"end":{"line":8,"column":3}},"loc":{"start":{"line":8,"column":21},"end":{"line":10,"column":3}},"line":8},"1":{"name":"(anonymous_1)","decl":{"start":{"line":12,"column":22},"end":{"line":12,"column":23}},"loc":{"start":{"line":12,"column":28},"end":{"line":14,"column":3}},"line":12},"2":{"name":"(anonymous_2)","decl":{"start":{"line":16,"column":18},"end":{"line":16,"column":19}},"loc":{"start":{"line":17,"column":4},"end":{"line":29,"column":5}},"line":17},"3":{"name":"(anonymous_3)","decl":{"start":{"line":23,"column":19},"end":{"line":23,"column":20}},"loc":{"start":{"line":23,"column":25},"end":{"line":23,"column":54}},"line":23},"4":{"name":"(anonymous_4)","decl":{"start":{"line":26,"column":31},"end":{"line":26,"column":32}},"loc":{"start":{"line":26,"column":37},"end":{"line":26,"column":68}},"line":26},"5":{"name":"(anonymous_5)","decl":{"start":{"line":31,"column":2},"end":{"line":31,"column":3}},"loc":{"start":{"line":31,"column":11},"end":{"line":65,"column":3}},"line":31},"6":{"name":"(anonymous_6)","decl":{"start":{"line":35,"column":19},"end":{"line":35,"column":20}},"loc":{"start":{"line":35,"column":25},"end":{"line":38,"column":11}},"line":35},"7":{"name":"(anonymous_7)","decl":{"start":{"line":54,"column":21},"end":{"line":54,"column":22}},"loc":{"start":{"line":54,"column":27},"end":{"line":54,"column":65}},"line":54},"8":{"name":"(anonymous_8)","decl":{"start":{"line":91,"column":27},"end":{"line":91,"column":28}},"loc":{"start":{"line":91,"column":42},"end":{"line":93,"column":1}},"line":91},"9":{"name":"(anonymous_9)","decl":{"start":{"line":92,"column":21},"end":{"line":92,"column":22}},"loc":{"start":{"line":92,"column":29},"end":{"line":92,"column":64}},"line":92}},"branchMap":{},"s":{"0":0,"1":0,"2":0,"3":0,"4":0,"5":0,"6":0,"7":0,"8":0,"9":0,"10":0,"11":1,"12":1,"13":0,"14":0},"f":{"0":0,"1":0,"2":0,"3":0,"4":0,"5":0,"6":0,"7":0,"8":0,"9":0},"b":{},"_coverageSchema":"1a1c01bbd47fc00a2c39e90264f33305004495a9","hash":"a5b59ef78ab674b470d165f56d1ce9b7b30dee28"}
,"/Users/timnguyen/turing/4module/MyFlyBox/my-fly-box-ui/components/FishForm.js": {"path":"/Users/timnguyen/turing/4module/MyFlyBox/my-fly-box-ui/components/FishForm.js","statementMap":{"0":{"start":{"line":8,"column":10},"end":{"line":15,"column":3}},"1":{"start":{"line":18,"column":4},"end":{"line":18,"column":32}},"2":{"start":{"line":21,"column":18},"end":{"line":24,"column":3}},"3":{"start":{"line":22,"column":4},"end":{"line":22,"column":37}},"4":{"start":{"line":23,"column":4},"end":{"line":23,"column":48}},"5":{"start":{"line":26,"column":16},"end":{"line":29,"column":3}},"6":{"start":{"line":27,"column":4},"end":{"line":27,"column":35}},"7":{"start":{"line":28,"column":4},"end":{"line":28,"column":46}},"8":{"start":{"line":31,"column":17},"end":{"line":34,"column":3}},"9":{"start":{"line":32,"column":4},"end":{"line":32,"column":36}},"10":{"start":{"line":33,"column":4},"end":{"line":33,"column":57}},"11":{"start":{"line":36,"column":17},"end":{"line":39,"column":3}},"12":{"start":{"line":37,"column":4},"end":{"line":37,"column":36}},"13":{"start":{"line":38,"column":4},"end":{"line":38,"column":57}},"14":{"start":{"line":41,"column":19},"end":{"line":44,"column":3}},"15":{"start":{"line":42,"column":4},"end":{"line":42,"column":38}},"16":{"start":{"line":43,"column":4},"end":{"line":43,"column":49}},"17":{"start":{"line":46,"column":16},"end":{"line":49,"column":3}},"18":{"start":{"line":47,"column":4},"end":{"line":47,"column":38}},"19":{"start":{"line":48,"column":4},"end":{"line":48,"column":58}},"20":{"start":{"line":51,"column":20},"end":{"line":55,"column":3}},"21":{"start":{"line":52,"column":4},"end":{"line":54,"column":7}},"22":{"start":{"line":53,"column":6},"end":{"line":53,"column":70}},"23":{"start":{"line":57,"column":16},"end":{"line":64,"column":3}},"24":{"start":{"line":58,"column":21},"end":{"line":58,"column":102}},"25":{"start":{"line":58,"column":57},"end":{"line":58,"column":101}},"26":{"start":{"line":59,"column":4},"end":{"line":63,"column":5}},"27":{"start":{"line":60,"column":6},"end":{"line":60,"column":15}},"28":{"start":{"line":62,"column":6},"end":{"line":62,"column":39}},"29":{"start":{"line":67,"column":4},"end":{"line":123,"column":6}},"30":{"start":{"line":110,"column":12},"end":{"line":110,"column":36}},"31":{"start":{"line":127,"column":15},"end":{"line":163,"column":2}},"32":{"start":{"line":165,"column":24},"end":{"line":168,"column":2}},"33":{"start":{"line":165,"column":36},"end":{"line":168,"column":1}},"34":{"start":{"line":170,"column":27},"end":{"line":173,"column":2}},"35":{"start":{"line":170,"column":42},"end":{"line":173,"column":1}},"36":{"start":{"line":171,"column":35},"end":{"line":171,"column":74}},"37":{"start":{"line":172,"column":24},"end":{"line":172,"column":52}}},"fnMap":{"0":{"name":"(anonymous_0)","decl":{"start":{"line":17,"column":2},"end":{"line":17,"column":3}},"loc":{"start":{"line":17,"column":22},"end":{"line":19,"column":3}},"line":17},"1":{"name":"(anonymous_1)","decl":{"start":{"line":21,"column":18},"end":{"line":21,"column":19}},"loc":{"start":{"line":21,"column":28},"end":{"line":24,"column":3}},"line":21},"2":{"name":"(anonymous_2)","decl":{"start":{"line":26,"column":16},"end":{"line":26,"column":17}},"loc":{"start":{"line":26,"column":26},"end":{"line":29,"column":3}},"line":26},"3":{"name":"(anonymous_3)","decl":{"start":{"line":31,"column":17},"end":{"line":31,"column":18}},"loc":{"start":{"line":31,"column":27},"end":{"line":34,"column":3}},"line":31},"4":{"name":"(anonymous_4)","decl":{"start":{"line":36,"column":17},"end":{"line":36,"column":18}},"loc":{"start":{"line":36,"column":27},"end":{"line":39,"column":3}},"line":36},"5":{"name":"(anonymous_5)","decl":{"start":{"line":41,"column":19},"end":{"line":41,"column":20}},"loc":{"start":{"line":41,"column":29},"end":{"line":44,"column":3}},"line":41},"6":{"name":"(anonymous_6)","decl":{"start":{"line":46,"column":16},"end":{"line":46,"column":17}},"loc":{"start":{"line":46,"column":27},"end":{"line":49,"column":3}},"line":46},"7":{"name":"(anonymous_7)","decl":{"start":{"line":51,"column":20},"end":{"line":51,"column":21}},"loc":{"start":{"line":51,"column":26},"end":{"line":55,"column":3}},"line":51},"8":{"name":"(anonymous_8)","decl":{"start":{"line":52,"column":39},"end":{"line":52,"column":40}},"loc":{"start":{"line":52,"column":48},"end":{"line":54,"column":5}},"line":52},"9":{"name":"(anonymous_9)","decl":{"start":{"line":57,"column":16},"end":{"line":57,"column":17}},"loc":{"start":{"line":57,"column":22},"end":{"line":64,"column":3}},"line":57},"10":{"name":"(anonymous_10)","decl":{"start":{"line":58,"column":50},"end":{"line":58,"column":51}},"loc":{"start":{"line":58,"column":57},"end":{"line":58,"column":101}},"line":58},"11":{"name":"(anonymous_11)","decl":{"start":{"line":66,"column":2},"end":{"line":66,"column":3}},"loc":{"start":{"line":66,"column":11},"end":{"line":124,"column":3}},"line":66},"12":{"name":"(anonymous_12)","decl":{"start":{"line":109,"column":25},"end":{"line":109,"column":26}},"loc":{"start":{"line":109,"column":36},"end":{"line":111,"column":11}},"line":109},"13":{"name":"(anonymous_13)","decl":{"start":{"line":165,"column":24},"end":{"line":165,"column":25}},"loc":{"start":{"line":165,"column":36},"end":{"line":168,"column":1}},"line":165},"14":{"name":"(anonymous_14)","decl":{"start":{"line":170,"column":27},"end":{"line":170,"column":28}},"loc":{"start":{"line":170,"column":42},"end":{"line":173,"column":1}},"line":170},"15":{"name":"(anonymous_15)","decl":{"start":{"line":171,"column":19},"end":{"line":171,"column":20}},"loc":{"start":{"line":171,"column":35},"end":{"line":171,"column":74}},"line":171},"16":{"name":"(anonymous_16)","decl":{"start":{"line":172,"column":18},"end":{"line":172,"column":19}},"loc":{"start":{"line":172,"column":24},"end":{"line":172,"column":52}},"line":172}},"branchMap":{"0":{"loc":{"start":{"line":59,"column":4},"end":{"line":63,"column":5}},"type":"if","locations":[{"start":{"line":59,"column":4},"end":{"line":63,"column":5}},{"start":{"line":59,"column":4},"end":{"line":63,"column":5}}],"line":59}},"s":{"0":0,"1":0,"2":0,"3":0,"4":0,"5":0,"6":0,"7":0,"8":0,"9":0,"10":0,"11":0,"12":0,"13":0,"14":0,"15":0,"16":0,"17":0,"18":0,"19":0,"20":0,"21":0,"22":0,"23":0,"24":0,"25":0,"26":0,"27":0,"28":0,"29":0,"30":0,"31":1,"32":1,"33":0,"34":1,"35":0,"36":0,"37":0},"f":{"0":0,"1":0,"2":0,"3":0,"4":0,"5":0,"6":0,"7":0,"8":0,"9":0,"10":0,"11":0,"12":0,"13":0,"14":0,"15":0,"16":0},"b":{"0":[0,0]},"_coverageSchema":"1a1c01bbd47fc00a2c39e90264f33305004495a9","hash":"922f1b9dd24166b3d29c8002003f1a9dae2c8782"}
,"/Users/timnguyen/turing/4module/MyFlyBox/my-fly-box-ui/components/Fly.js": {"path":"/Users/timnguyen/turing/4module/MyFlyBox/my-fly-box-ui/components/Fly.js","statementMap":{"0":{"start":{"line":10,"column":4},"end":{"line":10,"column":16}},"1":{"start":{"line":13,"column":21},"end":{"line":15,"column":3}},"2":{"start":{"line":14,"column":4},"end":{"line":14,"column":50}},"3":{"start":{"line":17,"column":18},"end":{"line":30,"column":5}},"4":{"start":{"line":18,"column":4},"end":{"line":30,"column":5}},"5":{"start":{"line":24,"column":25},"end":{"line":24,"column":54}},"6":{"start":{"line":27,"column":37},"end":{"line":27,"column":67}},"7":{"start":{"line":33,"column":6},"end":{"line":49,"column":8}},"8":{"start":{"line":39,"column":12},"end":{"line":39,"column":35}},"9":{"start":{"line":40,"column":12},"end":{"line":40,"column":53}},"10":{"start":{"line":45,"column":43},"end":{"line":45,"column":80}},"11":{"start":{"line":53,"column":15},"end":{"line":84,"column":2}},"12":{"start":{"line":86,"column":27},"end":{"line":88,"column":2}},"13":{"start":{"line":86,"column":42},"end":{"line":88,"column":1}},"14":{"start":{"line":87,"column":28},"end":{"line":87,"column":62}}},"fnMap":{"0":{"name":"(anonymous_0)","decl":{"start":{"line":9,"column":2},"end":{"line":9,"column":3}},"loc":{"start":{"line":9,"column":22},"end":{"line":11,"column":3}},"line":9},"1":{"name":"(anonymous_1)","decl":{"start":{"line":13,"column":21},"end":{"line":13,"column":22}},"loc":{"start":{"line":13,"column":27},"end":{"line":15,"column":3}},"line":13},"2":{"name":"(anonymous_2)","decl":{"start":{"line":17,"column":18},"end":{"line":17,"column":19}},"loc":{"start":{"line":18,"column":4},"end":{"line":30,"column":5}},"line":18},"3":{"name":"(anonymous_3)","decl":{"start":{"line":24,"column":19},"end":{"line":24,"column":20}},"loc":{"start":{"line":24,"column":25},"end":{"line":24,"column":54}},"line":24},"4":{"name":"(anonymous_4)","decl":{"start":{"line":27,"column":31},"end":{"line":27,"column":32}},"loc":{"start":{"line":27,"column":37},"end":{"line":27,"column":67}},"line":27},"5":{"name":"(anonymous_5)","decl":{"start":{"line":32,"column":4},"end":{"line":32,"column":5}},"loc":{"start":{"line":32,"column":13},"end":{"line":50,"column":5}},"line":32},"6":{"name":"(anonymous_6)","decl":{"start":{"line":38,"column":37},"end":{"line":38,"column":38}},"loc":{"start":{"line":38,"column":43},"end":{"line":41,"column":13}},"line":38},"7":{"name":"(anonymous_7)","decl":{"start":{"line":45,"column":37},"end":{"line":45,"column":38}},"loc":{"start":{"line":45,"column":43},"end":{"line":45,"column":80}},"line":45},"8":{"name":"(anonymous_8)","decl":{"start":{"line":86,"column":27},"end":{"line":86,"column":28}},"loc":{"start":{"line":86,"column":42},"end":{"line":88,"column":1}},"line":86},"9":{"name":"(anonymous_9)","decl":{"start":{"line":87,"column":20},"end":{"line":87,"column":21}},"loc":{"start":{"line":87,"column":28},"end":{"line":87,"column":62}},"line":87}},"branchMap":{},"s":{"0":0,"1":0,"2":0,"3":0,"4":0,"5":0,"6":0,"7":0,"8":0,"9":0,"10":0,"11":1,"12":1,"13":0,"14":0},"f":{"0":0,"1":0,"2":0,"3":0,"4":0,"5":0,"6":0,"7":0,"8":0,"9":0},"b":{},"_coverageSchema":"1a1c01bbd47fc00a2c39e90264f33305004495a9","hash":"4170839cb78f3bcc7ddf814a02acaf20b973c172"}
,"/Users/timnguyen/turing/4module/MyFlyBox/my-fly-box-ui/components/FlyForm.js": {"path":"/Users/timnguyen/turing/4module/MyFlyBox/my-fly-box-ui/components/FlyForm.js","statementMap":{"0":{"start":{"line":7,"column":10},"end":{"line":13,"column":3}},"1":{"start":{"line":16,"column":4},"end":{"line":16,"column":30}},"2":{"start":{"line":19,"column":15},"end":{"line":22,"column":3}},"3":{"start":{"line":20,"column":4},"end":{"line":20,"column":33}},"4":{"start":{"line":21,"column":4},"end":{"line":21,"column":43}},"5":{"start":{"line":24,"column":16},"end":{"line":27,"column":3}},"6":{"start":{"line":25,"column":4},"end":{"line":25,"column":34}},"7":{"start":{"line":26,"column":4},"end":{"line":26,"column":44}},"8":{"start":{"line":29,"column":15},"end":{"line":32,"column":3}},"9":{"start":{"line":30,"column":4},"end":{"line":30,"column":33}},"10":{"start":{"line":31,"column":4},"end":{"line":31,"column":43}},"11":{"start":{"line":34,"column":15},"end":{"line":37,"column":3}},"12":{"start":{"line":35,"column":4},"end":{"line":35,"column":37}},"13":{"start":{"line":36,"column":4},"end":{"line":36,"column":47}},"14":{"start":{"line":39,"column":17},"end":{"line":42,"column":3}},"15":{"start":{"line":40,"column":4},"end":{"line":40,"column":35}},"16":{"start":{"line":41,"column":4},"end":{"line":41,"column":45}},"17":{"start":{"line":45,"column":4},"end":{"line":79,"column":5}},"18":{"start":{"line":83,"column":15},"end":{"line":105,"column":2}},"19":{"start":{"line":107,"column":24},"end":{"line":109,"column":2}},"20":{"start":{"line":107,"column":34},"end":{"line":109,"column":1}},"21":{"start":{"line":111,"column":27},"end":{"line":114,"column":2}},"22":{"start":{"line":111,"column":42},"end":{"line":114,"column":1}},"23":{"start":{"line":112,"column":34},"end":{"line":112,"column":72}},"24":{"start":{"line":113,"column":23},"end":{"line":113,"column":50}}},"fnMap":{"0":{"name":"(anonymous_0)","decl":{"start":{"line":15,"column":2},"end":{"line":15,"column":3}},"loc":{"start":{"line":15,"column":22},"end":{"line":17,"column":3}},"line":15},"1":{"name":"(anonymous_1)","decl":{"start":{"line":19,"column":15},"end":{"line":19,"column":16}},"loc":{"start":{"line":19,"column":25},"end":{"line":22,"column":3}},"line":19},"2":{"name":"(anonymous_2)","decl":{"start":{"line":24,"column":16},"end":{"line":24,"column":17}},"loc":{"start":{"line":24,"column":26},"end":{"line":27,"column":3}},"line":24},"3":{"name":"(anonymous_3)","decl":{"start":{"line":29,"column":15},"end":{"line":29,"column":16}},"loc":{"start":{"line":29,"column":25},"end":{"line":32,"column":3}},"line":29},"4":{"name":"(anonymous_4)","decl":{"start":{"line":34,"column":15},"end":{"line":34,"column":16}},"loc":{"start":{"line":34,"column":25},"end":{"line":37,"column":3}},"line":34},"5":{"name":"(anonymous_5)","decl":{"start":{"line":39,"column":17},"end":{"line":39,"column":18}},"loc":{"start":{"line":39,"column":27},"end":{"line":42,"column":3}},"line":39},"6":{"name":"(anonymous_6)","decl":{"start":{"line":44,"column":0},"end":{"line":44,"column":1}},"loc":{"start":{"line":44,"column":9},"end":{"line":80,"column":3}},"line":44},"7":{"name":"(anonymous_7)","decl":{"start":{"line":107,"column":24},"end":{"line":107,"column":25}},"loc":{"start":{"line":107,"column":34},"end":{"line":109,"column":1}},"line":107},"8":{"name":"(anonymous_8)","decl":{"start":{"line":111,"column":27},"end":{"line":111,"column":28}},"loc":{"start":{"line":111,"column":42},"end":{"line":114,"column":1}},"line":111},"9":{"name":"(anonymous_9)","decl":{"start":{"line":112,"column":18},"end":{"line":112,"column":19}},"loc":{"start":{"line":112,"column":34},"end":{"line":112,"column":72}},"line":112},"10":{"name":"(anonymous_10)","decl":{"start":{"line":113,"column":17},"end":{"line":113,"column":18}},"loc":{"start":{"line":113,"column":23},"end":{"line":113,"column":50}},"line":113}},"branchMap":{},"s":{"0":0,"1":0,"2":0,"3":0,"4":0,"5":0,"6":0,"7":0,"8":0,"9":0,"10":0,"11":0,"12":0,"13":0,"14":0,"15":0,"16":0,"17":0,"18":2,"19":2,"20":0,"21":2,"22":0,"23":0,"24":0},"f":{"0":0,"1":0,"2":0,"3":0,"4":0,"5":0,"6":0,"7":0,"8":0,"9":0,"10":0},"b":{},"_coverageSchema":"1a1c01bbd47fc00a2c39e90264f33305004495a9","hash":"2b99e508cdb7257b171892bfa7f89fee3ad88b8c"}
,"/Users/timnguyen/turing/4module/MyFlyBox/my-fly-box-ui/containers/AddFish.js": {"path":"/Users/timnguyen/turing/4module/MyFlyBox/my-fly-box-ui/containers/AddFish.js","statementMap":{"0":{"start":{"line":10,"column":4},"end":{"line":10,"column":17}},"1":{"start":{"line":13,"column":12},"end":{"line":21,"column":3}},"2":{"start":{"line":14,"column":29},"end":{"line":14,"column":56}},"3":{"start":{"line":15,"column":4},"end":{"line":20,"column":5}},"4":{"start":{"line":17,"column":8},"end":{"line":17,"column":38}},"5":{"start":{"line":18,"column":8},"end":{"line":18,"column":36}},"6":{"start":{"line":24,"column":4},"end":{"line":47,"column":5}},"7":{"start":{"line":31,"column":14},"end":{"line":31,"column":59}},"8":{"start":{"line":32,"column":14},"end":{"line":32,"column":42}},"9":{"start":{"line":39,"column":14},"end":{"line":39,"column":29}},"10":{"start":{"line":40,"column":14},"end":{"line":40,"column":59}},"11":{"start":{"line":41,"column":14},"end":{"line":41,"column":42}},"12":{"start":{"line":51,"column":15},"end":{"line":85,"column":2}},"13":{"start":{"line":87,"column":24},"end":{"line":89,"column":2}},"14":{"start":{"line":87,"column":34},"end":{"line":89,"column":1}},"15":{"start":{"line":91,"column":27},"end":{"line":94,"column":2}},"16":{"start":{"line":91,"column":42},"end":{"line":94,"column":1}},"17":{"start":{"line":92,"column":24},"end":{"line":92,"column":52}},"18":{"start":{"line":93,"column":19},"end":{"line":93,"column":44}}},"fnMap":{"0":{"name":"(anonymous_0)","decl":{"start":{"line":9,"column":2},"end":{"line":9,"column":3}},"loc":{"start":{"line":9,"column":21},"end":{"line":11,"column":3}},"line":9},"1":{"name":"(anonymous_1)","decl":{"start":{"line":13,"column":12},"end":{"line":13,"column":13}},"loc":{"start":{"line":13,"column":18},"end":{"line":21,"column":3}},"line":13},"2":{"name":"(anonymous_2)","decl":{"start":{"line":16,"column":12},"end":{"line":16,"column":13}},"loc":{"start":{"line":16,"column":20},"end":{"line":19,"column":7}},"line":16},"3":{"name":"(anonymous_3)","decl":{"start":{"line":23,"column":2},"end":{"line":23,"column":3}},"loc":{"start":{"line":23,"column":11},"end":{"line":48,"column":3}},"line":23},"4":{"name":"(anonymous_4)","decl":{"start":{"line":30,"column":23},"end":{"line":30,"column":24}},"loc":{"start":{"line":30,"column":29},"end":{"line":33,"column":15}},"line":30},"5":{"name":"(anonymous_5)","decl":{"start":{"line":38,"column":23},"end":{"line":38,"column":24}},"loc":{"start":{"line":38,"column":29},"end":{"line":42,"column":15}},"line":38},"6":{"name":"(anonymous_6)","decl":{"start":{"line":87,"column":24},"end":{"line":87,"column":25}},"loc":{"start":{"line":87,"column":34},"end":{"line":89,"column":1}},"line":87},"7":{"name":"(anonymous_7)","decl":{"start":{"line":91,"column":27},"end":{"line":91,"column":28}},"loc":{"start":{"line":91,"column":42},"end":{"line":94,"column":1}},"line":91},"8":{"name":"(anonymous_8)","decl":{"start":{"line":92,"column":18},"end":{"line":92,"column":19}},"loc":{"start":{"line":92,"column":24},"end":{"line":92,"column":52}},"line":92},"9":{"name":"(anonymous_9)","decl":{"start":{"line":93,"column":11},"end":{"line":93,"column":12}},"loc":{"start":{"line":93,"column":19},"end":{"line":93,"column":44}},"line":93}},"branchMap":{},"s":{"0":0,"1":0,"2":0,"3":0,"4":0,"5":0,"6":0,"7":0,"8":0,"9":0,"10":0,"11":0,"12":1,"13":1,"14":0,"15":1,"16":0,"17":0,"18":0},"f":{"0":0,"1":0,"2":0,"3":0,"4":0,"5":0,"6":0,"7":0,"8":0,"9":0},"b":{},"_coverageSchema":"1a1c01bbd47fc00a2c39e90264f33305004495a9","hash":"86c0aa6d64c85d97fb257b377fedb35915f2b73e"}
,"/Users/timnguyen/turing/4module/MyFlyBox/my-fly-box-ui/containers/AddFly.js": {"path":"/Users/timnguyen/turing/4module/MyFlyBox/my-fly-box-ui/containers/AddFly.js","statementMap":{"0":{"start":{"line":10,"column":4},"end":{"line":10,"column":17}},"1":{"start":{"line":14,"column":4},"end":{"line":14,"column":31}},"2":{"start":{"line":17,"column":11},"end":{"line":25,"column":3}},"3":{"start":{"line":18,"column":28},"end":{"line":18,"column":54}},"4":{"start":{"line":19,"column":4},"end":{"line":24,"column":5}},"5":{"start":{"line":21,"column":8},"end":{"line":21,"column":37}},"6":{"start":{"line":22,"column":8},"end":{"line":22,"column":36}},"7":{"start":{"line":28,"column":4},"end":{"line":51,"column":5}},"8":{"start":{"line":36,"column":14},"end":{"line":36,"column":42}},"9":{"start":{"line":37,"column":14},"end":{"line":37,"column":57}},"10":{"start":{"line":44,"column":14},"end":{"line":44,"column":27}},"11":{"start":{"line":45,"column":14},"end":{"line":45,"column":57}},"12":{"start":{"line":55,"column":15},"end":{"line":93,"column":2}},"13":{"start":{"line":95,"column":24},"end":{"line":97,"column":2}},"14":{"start":{"line":95,"column":34},"end":{"line":97,"column":1}},"15":{"start":{"line":99,"column":27},"end":{"line":102,"column":2}},"16":{"start":{"line":99,"column":42},"end":{"line":102,"column":1}},"17":{"start":{"line":100,"column":18},"end":{"line":100,"column":42}},"18":{"start":{"line":101,"column":24},"end":{"line":101,"column":51}}},"fnMap":{"0":{"name":"(anonymous_0)","decl":{"start":{"line":9,"column":2},"end":{"line":9,"column":3}},"loc":{"start":{"line":9,"column":21},"end":{"line":11,"column":3}},"line":9},"1":{"name":"(anonymous_1)","decl":{"start":{"line":13,"column":2},"end":{"line":13,"column":3}},"loc":{"start":{"line":13,"column":22},"end":{"line":15,"column":3}},"line":13},"2":{"name":"(anonymous_2)","decl":{"start":{"line":17,"column":11},"end":{"line":17,"column":12}},"loc":{"start":{"line":17,"column":17},"end":{"line":25,"column":3}},"line":17},"3":{"name":"(anonymous_3)","decl":{"start":{"line":20,"column":12},"end":{"line":20,"column":13}},"loc":{"start":{"line":20,"column":20},"end":{"line":23,"column":7}},"line":20},"4":{"name":"(anonymous_4)","decl":{"start":{"line":27,"column":2},"end":{"line":27,"column":3}},"loc":{"start":{"line":27,"column":11},"end":{"line":52,"column":3}},"line":27},"5":{"name":"(anonymous_5)","decl":{"start":{"line":35,"column":23},"end":{"line":35,"column":24}},"loc":{"start":{"line":35,"column":29},"end":{"line":38,"column":15}},"line":35},"6":{"name":"(anonymous_6)","decl":{"start":{"line":43,"column":23},"end":{"line":43,"column":24}},"loc":{"start":{"line":43,"column":29},"end":{"line":46,"column":15}},"line":43},"7":{"name":"(anonymous_7)","decl":{"start":{"line":95,"column":24},"end":{"line":95,"column":25}},"loc":{"start":{"line":95,"column":34},"end":{"line":97,"column":1}},"line":95},"8":{"name":"(anonymous_8)","decl":{"start":{"line":99,"column":27},"end":{"line":99,"column":28}},"loc":{"start":{"line":99,"column":42},"end":{"line":102,"column":1}},"line":99},"9":{"name":"(anonymous_9)","decl":{"start":{"line":100,"column":10},"end":{"line":100,"column":11}},"loc":{"start":{"line":100,"column":18},"end":{"line":100,"column":42}},"line":100},"10":{"name":"(anonymous_10)","decl":{"start":{"line":101,"column":18},"end":{"line":101,"column":19}},"loc":{"start":{"line":101,"column":24},"end":{"line":101,"column":51}},"line":101}},"branchMap":{},"s":{"0":0,"1":0,"2":0,"3":0,"4":0,"5":0,"6":0,"7":0,"8":0,"9":0,"10":0,"11":0,"12":1,"13":1,"14":0,"15":1,"16":0,"17":0,"18":0},"f":{"0":0,"1":0,"2":0,"3":0,"4":0,"5":0,"6":0,"7":0,"8":0,"9":0,"10":0},"b":{},"_coverageSchema":"1a1c01bbd47fc00a2c39e90264f33305004495a9","hash":"821805f213f6dd36bccecd635fdbcddc927f987c"}
,"/Users/timnguyen/turing/4module/MyFlyBox/my-fly-box-ui/containers/EditFish.js": {"path":"/Users/timnguyen/turing/4module/MyFlyBox/my-fly-box-ui/containers/EditFish.js","statementMap":{"0":{"start":{"line":10,"column":8},"end":{"line":10,"column":20}},"1":{"start":{"line":11,"column":8},"end":{"line":13,"column":9}},"2":{"start":{"line":16,"column":24},"end":{"line":20,"column":5}},"3":{"start":{"line":17,"column":29},"end":{"line":17,"column":102}},"4":{"start":{"line":17,"column":65},"end":{"line":17,"column":101}},"5":{"start":{"line":18,"column":8},"end":{"line":18,"column":51}},"6":{"start":{"line":19,"column":8},"end":{"line":19,"column":41}},"7":{"start":{"line":22,"column":21},"end":{"line":24,"column":5}},"8":{"start":{"line":23,"column":8},"end":{"line":23,"column":58}},"9":{"start":{"line":26,"column":17},"end":{"line":31,"column":5}},"10":{"start":{"line":27,"column":8},"end":{"line":30,"column":12}},"11":{"start":{"line":29,"column":12},"end":{"line":29,"column":39}},"12":{"start":{"line":34,"column":7},"end":{"line":56,"column":8}},"13":{"start":{"line":40,"column":20},"end":{"line":40,"column":47}},"14":{"start":{"line":41,"column":20},"end":{"line":41,"column":65}},"15":{"start":{"line":48,"column":20},"end":{"line":48,"column":37}},"16":{"start":{"line":49,"column":20},"end":{"line":49,"column":47}},"17":{"start":{"line":50,"column":20},"end":{"line":50,"column":65}},"18":{"start":{"line":59,"column":15},"end":{"line":72,"column":4}},"19":{"start":{"line":74,"column":24},"end":{"line":78,"column":4}},"20":{"start":{"line":74,"column":36},"end":{"line":78,"column":3}},"21":{"start":{"line":80,"column":29},"end":{"line":85,"column":4}},"22":{"start":{"line":80,"column":44},"end":{"line":85,"column":3}},"23":{"start":{"line":81,"column":28},"end":{"line":81,"column":60}},"24":{"start":{"line":82,"column":21},"end":{"line":82,"column":46}},"25":{"start":{"line":83,"column":26},"end":{"line":83,"column":54}},"26":{"start":{"line":84,"column":24},"end":{"line":84,"column":52}}},"fnMap":{"0":{"name":"(anonymous_0)","decl":{"start":{"line":9,"column":4},"end":{"line":9,"column":5}},"loc":{"start":{"line":9,"column":23},"end":{"line":14,"column":5}},"line":9},"1":{"name":"(anonymous_1)","decl":{"start":{"line":16,"column":24},"end":{"line":16,"column":25}},"loc":{"start":{"line":16,"column":30},"end":{"line":20,"column":5}},"line":16},"2":{"name":"(anonymous_2)","decl":{"start":{"line":17,"column":57},"end":{"line":17,"column":58}},"loc":{"start":{"line":17,"column":65},"end":{"line":17,"column":101}},"line":17},"3":{"name":"(anonymous_3)","decl":{"start":{"line":22,"column":21},"end":{"line":22,"column":22}},"loc":{"start":{"line":22,"column":39},"end":{"line":24,"column":5}},"line":22},"4":{"name":"(anonymous_4)","decl":{"start":{"line":26,"column":17},"end":{"line":26,"column":18}},"loc":{"start":{"line":26,"column":23},"end":{"line":31,"column":5}},"line":26},"5":{"name":"(anonymous_5)","decl":{"start":{"line":28,"column":16},"end":{"line":28,"column":17}},"loc":{"start":{"line":28,"column":24},"end":{"line":30,"column":11}},"line":28},"6":{"name":"(anonymous_6)","decl":{"start":{"line":33,"column":4},"end":{"line":33,"column":5}},"loc":{"start":{"line":33,"column":13},"end":{"line":57,"column":5}},"line":33},"7":{"name":"(anonymous_7)","decl":{"start":{"line":39,"column":31},"end":{"line":39,"column":32}},"loc":{"start":{"line":39,"column":37},"end":{"line":42,"column":21}},"line":39},"8":{"name":"(anonymous_8)","decl":{"start":{"line":47,"column":31},"end":{"line":47,"column":32}},"loc":{"start":{"line":47,"column":37},"end":{"line":51,"column":21}},"line":47},"9":{"name":"(anonymous_9)","decl":{"start":{"line":74,"column":24},"end":{"line":74,"column":25}},"loc":{"start":{"line":74,"column":36},"end":{"line":78,"column":3}},"line":74},"10":{"name":"(anonymous_10)","decl":{"start":{"line":80,"column":29},"end":{"line":80,"column":30}},"loc":{"start":{"line":80,"column":44},"end":{"line":85,"column":3}},"line":80},"11":{"name":"(anonymous_11)","decl":{"start":{"line":81,"column":20},"end":{"line":81,"column":21}},"loc":{"start":{"line":81,"column":28},"end":{"line":81,"column":60}},"line":81},"12":{"name":"(anonymous_12)","decl":{"start":{"line":82,"column":13},"end":{"line":82,"column":14}},"loc":{"start":{"line":82,"column":21},"end":{"line":82,"column":46}},"line":82},"13":{"name":"(anonymous_13)","decl":{"start":{"line":83,"column":20},"end":{"line":83,"column":21}},"loc":{"start":{"line":83,"column":26},"end":{"line":83,"column":54}},"line":83},"14":{"name":"(anonymous_14)","decl":{"start":{"line":84,"column":16},"end":{"line":84,"column":17}},"loc":{"start":{"line":84,"column":24},"end":{"line":84,"column":52}},"line":84}},"branchMap":{},"s":{"0":0,"1":0,"2":0,"3":0,"4":0,"5":0,"6":0,"7":0,"8":0,"9":0,"10":0,"11":0,"12":0,"13":0,"14":0,"15":0,"16":0,"17":0,"18":1,"19":1,"20":0,"21":1,"22":0,"23":0,"24":0,"25":0,"26":0},"f":{"0":0,"1":0,"2":0,"3":0,"4":0,"5":0,"6":0,"7":0,"8":0,"9":0,"10":0,"11":0,"12":0,"13":0,"14":0},"b":{},"_coverageSchema":"1a1c01bbd47fc00a2c39e90264f33305004495a9","hash":"2d26476443e6dd05c67450d0460e16aabf4a7ba2"}
,"/Users/timnguyen/turing/4module/MyFlyBox/my-fly-box-ui/containers/EditFly.js": {"path":"/Users/timnguyen/turing/4module/MyFlyBox/my-fly-box-ui/containers/EditFly.js","statementMap":{"0":{"start":{"line":10,"column":8},"end":{"line":10,"column":20}},"1":{"start":{"line":11,"column":8},"end":{"line":13,"column":9}},"2":{"start":{"line":16,"column":24},"end":{"line":20,"column":5}},"3":{"start":{"line":17,"column":28},"end":{"line":17,"column":99}},"4":{"start":{"line":17,"column":64},"end":{"line":17,"column":98}},"5":{"start":{"line":18,"column":8},"end":{"line":18,"column":49}},"6":{"start":{"line":19,"column":8},"end":{"line":19,"column":39}},"7":{"start":{"line":22,"column":20},"end":{"line":24,"column":5}},"8":{"start":{"line":23,"column":8},"end":{"line":23,"column":56}},"9":{"start":{"line":26,"column":16},"end":{"line":31,"column":5}},"10":{"start":{"line":27,"column":8},"end":{"line":30,"column":10}},"11":{"start":{"line":29,"column":10},"end":{"line":29,"column":36}},"12":{"start":{"line":34,"column":7},"end":{"line":56,"column":8}},"13":{"start":{"line":40,"column":20},"end":{"line":40,"column":46}},"14":{"start":{"line":41,"column":20},"end":{"line":41,"column":63}},"15":{"start":{"line":48,"column":20},"end":{"line":48,"column":36}},"16":{"start":{"line":49,"column":20},"end":{"line":49,"column":46}},"17":{"start":{"line":50,"column":20},"end":{"line":50,"column":63}},"18":{"start":{"line":59,"column":15},"end":{"line":72,"column":4}},"19":{"start":{"line":74,"column":24},"end":{"line":77,"column":4}},"20":{"start":{"line":74,"column":36},"end":{"line":77,"column":3}},"21":{"start":{"line":79,"column":29},"end":{"line":84,"column":4}},"22":{"start":{"line":79,"column":44},"end":{"line":84,"column":3}},"23":{"start":{"line":80,"column":27},"end":{"line":80,"column":58}},"24":{"start":{"line":81,"column":22},"end":{"line":81,"column":46}},"25":{"start":{"line":82,"column":23},"end":{"line":82,"column":50}},"26":{"start":{"line":83,"column":25},"end":{"line":83,"column":52}}},"fnMap":{"0":{"name":"(anonymous_0)","decl":{"start":{"line":9,"column":4},"end":{"line":9,"column":5}},"loc":{"start":{"line":9,"column":23},"end":{"line":14,"column":5}},"line":9},"1":{"name":"(anonymous_1)","decl":{"start":{"line":16,"column":24},"end":{"line":16,"column":25}},"loc":{"start":{"line":16,"column":30},"end":{"line":20,"column":5}},"line":16},"2":{"name":"(anonymous_2)","decl":{"start":{"line":17,"column":57},"end":{"line":17,"column":58}},"loc":{"start":{"line":17,"column":64},"end":{"line":17,"column":98}},"line":17},"3":{"name":"(anonymous_3)","decl":{"start":{"line":22,"column":20},"end":{"line":22,"column":21}},"loc":{"start":{"line":22,"column":37},"end":{"line":24,"column":5}},"line":22},"4":{"name":"(anonymous_4)","decl":{"start":{"line":26,"column":16},"end":{"line":26,"column":17}},"loc":{"start":{"line":26,"column":22},"end":{"line":31,"column":5}},"line":26},"5":{"name":"(anonymous_5)","decl":{"start":{"line":28,"column":14},"end":{"line":28,"column":15}},"loc":{"start":{"line":28,"column":22},"end":{"line":30,"column":9}},"line":28},"6":{"name":"(anonymous_6)","decl":{"start":{"line":33,"column":4},"end":{"line":33,"column":5}},"loc":{"start":{"line":33,"column":13},"end":{"line":57,"column":5}},"line":33},"7":{"name":"(anonymous_7)","decl":{"start":{"line":39,"column":31},"end":{"line":39,"column":32}},"loc":{"start":{"line":39,"column":37},"end":{"line":42,"column":21}},"line":39},"8":{"name":"(anonymous_8)","decl":{"start":{"line":47,"column":31},"end":{"line":47,"column":32}},"loc":{"start":{"line":47,"column":37},"end":{"line":51,"column":21}},"line":47},"9":{"name":"(anonymous_9)","decl":{"start":{"line":74,"column":24},"end":{"line":74,"column":25}},"loc":{"start":{"line":74,"column":36},"end":{"line":77,"column":3}},"line":74},"10":{"name":"(anonymous_10)","decl":{"start":{"line":79,"column":29},"end":{"line":79,"column":30}},"loc":{"start":{"line":79,"column":44},"end":{"line":84,"column":3}},"line":79},"11":{"name":"(anonymous_11)","decl":{"start":{"line":80,"column":19},"end":{"line":80,"column":20}},"loc":{"start":{"line":80,"column":27},"end":{"line":80,"column":58}},"line":80},"12":{"name":"(anonymous_12)","decl":{"start":{"line":81,"column":14},"end":{"line":81,"column":15}},"loc":{"start":{"line":81,"column":22},"end":{"line":81,"column":46}},"line":81},"13":{"name":"(anonymous_13)","decl":{"start":{"line":82,"column":15},"end":{"line":82,"column":16}},"loc":{"start":{"line":82,"column":23},"end":{"line":82,"column":50}},"line":82},"14":{"name":"(anonymous_14)","decl":{"start":{"line":83,"column":19},"end":{"line":83,"column":20}},"loc":{"start":{"line":83,"column":25},"end":{"line":83,"column":52}},"line":83}},"branchMap":{},"s":{"0":0,"1":0,"2":0,"3":0,"4":0,"5":0,"6":0,"7":0,"8":0,"9":0,"10":0,"11":0,"12":0,"13":0,"14":0,"15":0,"16":0,"17":0,"18":1,"19":1,"20":0,"21":1,"22":0,"23":0,"24":0,"25":0,"26":0},"f":{"0":0,"1":0,"2":0,"3":0,"4":0,"5":0,"6":0,"7":0,"8":0,"9":0,"10":0,"11":0,"12":0,"13":0,"14":0},"b":{},"_coverageSchema":"1a1c01bbd47fc00a2c39e90264f33305004495a9","hash":"0c5a1b92fa13adff808fbc60e017656348e22bf9"}
,"/Users/timnguyen/turing/4module/MyFlyBox/my-fly-box-ui/containers/FishCaught.js": {"path":"/Users/timnguyen/turing/4module/MyFlyBox/my-fly-box-ui/containers/FishCaught.js","statementMap":{"0":{"start":{"line":18,"column":4},"end":{"line":18,"column":17}},"1":{"start":{"line":19,"column":4},"end":{"line":22,"column":6}},"2":{"start":{"line":26,"column":4},"end":{"line":30,"column":8}},"3":{"start":{"line":27,"column":22},"end":{"line":27,"column":51}},"4":{"start":{"line":29,"column":8},"end":{"line":29,"column":67}},"5":{"start":{"line":33,"column":17},"end":{"line":36,"column":3}},"6":{"start":{"line":34,"column":4},"end":{"line":34,"column":23}},"7":{"start":{"line":35,"column":4},"end":{"line":35,"column":33}},"8":{"start":{"line":38,"column":14},"end":{"line":82,"column":3}},"9":{"start":{"line":39,"column":4},"end":{"line":81,"column":5}},"10":{"start":{"line":40,"column":6},"end":{"line":52,"column":8}},"11":{"start":{"line":45,"column":12},"end":{"line":49,"column":14}},"12":{"start":{"line":53,"column":11},"end":{"line":81,"column":5}},"13":{"start":{"line":54,"column":6},"end":{"line":66,"column":8}},"14":{"start":{"line":68,"column":6},"end":{"line":80,"column":8}},"15":{"start":{"line":85,"column":4},"end":{"line":99,"column":6}},"16":{"start":{"line":90,"column":14},"end":{"line":90,"column":56}},"17":{"start":{"line":103,"column":15},"end":{"line":122,"column":2}},"18":{"start":{"line":124,"column":24},"end":{"line":126,"column":2}},"19":{"start":{"line":124,"column":36},"end":{"line":126,"column":1}},"20":{"start":{"line":128,"column":27},"end":{"line":131,"column":2}},"21":{"start":{"line":128,"column":42},"end":{"line":131,"column":1}},"22":{"start":{"line":129,"column":19},"end":{"line":129,"column":44}},"23":{"start":{"line":130,"column":20},"end":{"line":130,"column":46}}},"fnMap":{"0":{"name":"(anonymous_0)","decl":{"start":{"line":17,"column":2},"end":{"line":17,"column":3}},"loc":{"start":{"line":17,"column":21},"end":{"line":23,"column":3}},"line":17},"1":{"name":"(anonymous_1)","decl":{"start":{"line":25,"column":2},"end":{"line":25,"column":3}},"loc":{"start":{"line":25,"column":28},"end":{"line":31,"column":3}},"line":25},"2":{"name":"(anonymous_2)","decl":{"start":{"line":27,"column":12},"end":{"line":27,"column":13}},"loc":{"start":{"line":27,"column":22},"end":{"line":27,"column":51}},"line":27},"3":{"name":"(anonymous_3)","decl":{"start":{"line":28,"column":12},"end":{"line":28,"column":13}},"loc":{"start":{"line":29,"column":8},"end":{"line":29,"column":67}},"line":29},"4":{"name":"(anonymous_4)","decl":{"start":{"line":33,"column":17},"end":{"line":33,"column":18}},"loc":{"start":{"line":33,"column":29},"end":{"line":36,"column":3}},"line":33},"5":{"name":"(anonymous_5)","decl":{"start":{"line":38,"column":14},"end":{"line":38,"column":15}},"loc":{"start":{"line":38,"column":20},"end":{"line":82,"column":3}},"line":38},"6":{"name":"(anonymous_6)","decl":{"start":{"line":44,"column":22},"end":{"line":44,"column":23}},"loc":{"start":{"line":45,"column":12},"end":{"line":49,"column":14}},"line":45},"7":{"name":"(anonymous_7)","decl":{"start":{"line":84,"column":2},"end":{"line":84,"column":3}},"loc":{"start":{"line":84,"column":11},"end":{"line":100,"column":3}},"line":84},"8":{"name":"(anonymous_8)","decl":{"start":{"line":89,"column":21},"end":{"line":89,"column":22}},"loc":{"start":{"line":89,"column":27},"end":{"line":91,"column":13}},"line":89},"9":{"name":"(anonymous_9)","decl":{"start":{"line":124,"column":24},"end":{"line":124,"column":25}},"loc":{"start":{"line":124,"column":36},"end":{"line":126,"column":1}},"line":124},"10":{"name":"(anonymous_10)","decl":{"start":{"line":128,"column":27},"end":{"line":128,"column":28}},"loc":{"start":{"line":128,"column":42},"end":{"line":131,"column":1}},"line":128},"11":{"name":"(anonymous_11)","decl":{"start":{"line":129,"column":11},"end":{"line":129,"column":12}},"loc":{"start":{"line":129,"column":19},"end":{"line":129,"column":44}},"line":129},"12":{"name":"(anonymous_12)","decl":{"start":{"line":130,"column":14},"end":{"line":130,"column":15}},"loc":{"start":{"line":130,"column":20},"end":{"line":130,"column":46}},"line":130}},"branchMap":{"0":{"loc":{"start":{"line":39,"column":4},"end":{"line":81,"column":5}},"type":"if","locations":[{"start":{"line":39,"column":4},"end":{"line":81,"column":5}},{"start":{"line":39,"column":4},"end":{"line":81,"column":5}}],"line":39},"1":{"loc":{"start":{"line":39,"column":8},"end":{"line":39,"column":66}},"type":"binary-expr","locations":[{"start":{"line":39,"column":8},"end":{"line":39,"column":41}},{"start":{"line":39,"column":45},"end":{"line":39,"column":66}}],"line":39},"2":{"loc":{"start":{"line":53,"column":11},"end":{"line":81,"column":5}},"type":"if","locations":[{"start":{"line":53,"column":11},"end":{"line":81,"column":5}},{"start":{"line":53,"column":11},"end":{"line":81,"column":5}}],"line":53}},"s":{"0":0,"1":0,"2":0,"3":0,"4":0,"5":0,"6":0,"7":0,"8":0,"9":0,"10":0,"11":0,"12":0,"13":0,"14":0,"15":0,"16":0,"17":1,"18":1,"19":0,"20":1,"21":0,"22":0,"23":0},"f":{"0":0,"1":0,"2":0,"3":0,"4":0,"5":0,"6":0,"7":0,"8":0,"9":0,"10":0,"11":0,"12":0},"b":{"0":[0,0],"1":[0,0],"2":[0,0]},"_coverageSchema":"1a1c01bbd47fc00a2c39e90264f33305004495a9","hash":"7c7f13014bf2929b90dce068e30af68256a97d93"}
,"/Users/timnguyen/turing/4module/MyFlyBox/my-fly-box-ui/containers/FlyBox.js": {"path":"/Users/timnguyen/turing/4module/MyFlyBox/my-fly-box-ui/containers/FlyBox.js","statementMap":{"0":{"start":{"line":8,"column":30},"end":{"line":12,"column":1}},"1":{"start":{"line":9,"column":2},"end":{"line":11,"column":4}},"2":{"start":{"line":16,"column":4},"end":{"line":16,"column":17}},"3":{"start":{"line":17,"column":4},"end":{"line":20,"column":6}},"4":{"start":{"line":24,"column":4},"end":{"line":28,"column":8}},"5":{"start":{"line":25,"column":22},"end":{"line":25,"column":52}},"6":{"start":{"line":27,"column":8},"end":{"line":27,"column":67}},"7":{"start":{"line":31,"column":17},"end":{"line":34,"column":3}},"8":{"start":{"line":32,"column":4},"end":{"line":32,"column":21}},"9":{"start":{"line":33,"column":4},"end":{"line":33,"column":32}},"10":{"start":{"line":36,"column":16},"end":{"line":81,"column":3}},"11":{"start":{"line":37,"column":4},"end":{"line":80,"column":5}},"12":{"start":{"line":38,"column":6},"end":{"line":51,"column":8}},"13":{"start":{"line":44,"column":12},"end":{"line":48,"column":14}},"14":{"start":{"line":52,"column":11},"end":{"line":80,"column":5}},"15":{"start":{"line":53,"column":6},"end":{"line":65,"column":8}},"16":{"start":{"line":67,"column":6},"end":{"line":79,"column":8}},"17":{"start":{"line":84,"column":4},"end":{"line":95,"column":6}},"18":{"start":{"line":99,"column":15},"end":{"line":122,"column":2}},"19":{"start":{"line":124,"column":24},"end":{"line":126,"column":2}},"20":{"start":{"line":124,"column":36},"end":{"line":126,"column":1}},"21":{"start":{"line":128,"column":27},"end":{"line":131,"column":2}},"22":{"start":{"line":128,"column":42},"end":{"line":131,"column":1}},"23":{"start":{"line":129,"column":20},"end":{"line":129,"column":46}},"24":{"start":{"line":130,"column":19},"end":{"line":130,"column":44}}},"fnMap":{"0":{"name":"(anonymous_0)","decl":{"start":{"line":8,"column":30},"end":{"line":8,"column":31}},"loc":{"start":{"line":8,"column":36},"end":{"line":12,"column":1}},"line":8},"1":{"name":"(anonymous_1)","decl":{"start":{"line":15,"column":2},"end":{"line":15,"column":3}},"loc":{"start":{"line":15,"column":21},"end":{"line":21,"column":3}},"line":15},"2":{"name":"(anonymous_2)","decl":{"start":{"line":23,"column":2},"end":{"line":23,"column":3}},"loc":{"start":{"line":23,"column":28},"end":{"line":29,"column":3}},"line":23},"3":{"name":"(anonymous_3)","decl":{"start":{"line":25,"column":12},"end":{"line":25,"column":13}},"loc":{"start":{"line":25,"column":22},"end":{"line":25,"column":52}},"line":25},"4":{"name":"(anonymous_4)","decl":{"start":{"line":26,"column":12},"end":{"line":26,"column":13}},"loc":{"start":{"line":27,"column":8},"end":{"line":27,"column":67}},"line":27},"5":{"name":"(anonymous_5)","decl":{"start":{"line":31,"column":17},"end":{"line":31,"column":18}},"loc":{"start":{"line":31,"column":28},"end":{"line":34,"column":3}},"line":31},"6":{"name":"(anonymous_6)","decl":{"start":{"line":36,"column":16},"end":{"line":36,"column":17}},"loc":{"start":{"line":36,"column":22},"end":{"line":81,"column":3}},"line":36},"7":{"name":"(anonymous_7)","decl":{"start":{"line":43,"column":22},"end":{"line":43,"column":23}},"loc":{"start":{"line":44,"column":12},"end":{"line":48,"column":14}},"line":44},"8":{"name":"(anonymous_8)","decl":{"start":{"line":83,"column":2},"end":{"line":83,"column":3}},"loc":{"start":{"line":83,"column":11},"end":{"line":96,"column":3}},"line":83},"9":{"name":"(anonymous_9)","decl":{"start":{"line":124,"column":24},"end":{"line":124,"column":25}},"loc":{"start":{"line":124,"column":36},"end":{"line":126,"column":1}},"line":124},"10":{"name":"(anonymous_10)","decl":{"start":{"line":128,"column":27},"end":{"line":128,"column":28}},"loc":{"start":{"line":128,"column":42},"end":{"line":131,"column":1}},"line":128},"11":{"name":"(anonymous_11)","decl":{"start":{"line":129,"column":12},"end":{"line":129,"column":13}},"loc":{"start":{"line":129,"column":20},"end":{"line":129,"column":46}},"line":129},"12":{"name":"(anonymous_12)","decl":{"start":{"line":130,"column":13},"end":{"line":130,"column":14}},"loc":{"start":{"line":130,"column":19},"end":{"line":130,"column":44}},"line":130}},"branchMap":{"0":{"loc":{"start":{"line":37,"column":4},"end":{"line":80,"column":5}},"type":"if","locations":[{"start":{"line":37,"column":4},"end":{"line":80,"column":5}},{"start":{"line":37,"column":4},"end":{"line":80,"column":5}}],"line":37},"1":{"loc":{"start":{"line":37,"column":8},"end":{"line":37,"column":67}},"type":"binary-expr","locations":[{"start":{"line":37,"column":8},"end":{"line":37,"column":42}},{"start":{"line":37,"column":46},"end":{"line":37,"column":67}}],"line":37},"2":{"loc":{"start":{"line":52,"column":11},"end":{"line":80,"column":5}},"type":"if","locations":[{"start":{"line":52,"column":11},"end":{"line":80,"column":5}},{"start":{"line":52,"column":11},"end":{"line":80,"column":5}}],"line":52}},"s":{"0":1,"1":0,"2":0,"3":0,"4":0,"5":0,"6":0,"7":0,"8":0,"9":0,"10":0,"11":0,"12":0,"13":0,"14":0,"15":0,"16":0,"17":0,"18":1,"19":1,"20":0,"21":1,"22":0,"23":0,"24":0},"f":{"0":0,"1":0,"2":0,"3":0,"4":0,"5":0,"6":0,"7":0,"8":0,"9":0,"10":0,"11":0,"12":0},"b":{"0":[0,0],"1":[0,0],"2":[0,0]},"_coverageSchema":"1a1c01bbd47fc00a2c39e90264f33305004495a9","hash":"1d82e3f02acda321b0e6520094df2f814fe92e32"}
,"/Users/timnguyen/turing/4module/MyFlyBox/my-fly-box-ui/reducers/currentFish.js": {"path":"/Users/timnguyen/turing/4module/MyFlyBox/my-fly-box-ui/reducers/currentFish.js","statementMap":{"0":{"start":{"line":1,"column":27},"end":{"line":17,"column":1}},"1":{"start":{"line":2,"column":1},"end":{"line":16,"column":2}},"2":{"start":{"line":4,"column":3},"end":{"line":4,"column":29}},"3":{"start":{"line":6,"column":3},"end":{"line":6,"column":32}},"4":{"start":{"line":8,"column":24},"end":{"line":8,"column":76}},"5":{"start":{"line":8,"column":45},"end":{"line":8,"column":75}},"6":{"start":{"line":9,"column":5},"end":{"line":9,"column":45}},"7":{"start":{"line":10,"column":3},"end":{"line":10,"column":32}},"8":{"start":{"line":12,"column":3},"end":{"line":12,"column":53}},"9":{"start":{"line":12,"column":32},"end":{"line":12,"column":52}},"10":{"start":{"line":13,"column":3},"end":{"line":13,"column":15}},"11":{"start":{"line":15,"column":3},"end":{"line":15,"column":15}}},"fnMap":{"0":{"name":"(anonymous_0)","decl":{"start":{"line":1,"column":27},"end":{"line":1,"column":28}},"loc":{"start":{"line":1,"column":51},"end":{"line":17,"column":1}},"line":1},"1":{"name":"(anonymous_1)","decl":{"start":{"line":8,"column":37},"end":{"line":8,"column":38}},"loc":{"start":{"line":8,"column":45},"end":{"line":8,"column":75}},"line":8},"2":{"name":"(anonymous_2)","decl":{"start":{"line":12,"column":24},"end":{"line":12,"column":25}},"loc":{"start":{"line":12,"column":32},"end":{"line":12,"column":52}},"line":12}},"branchMap":{"0":{"loc":{"start":{"line":1,"column":28},"end":{"line":1,"column":38}},"type":"default-arg","locations":[{"start":{"line":1,"column":36},"end":{"line":1,"column":38}}],"line":1},"1":{"loc":{"start":{"line":2,"column":1},"end":{"line":16,"column":2}},"type":"switch","locations":[{"start":{"line":3,"column":2},"end":{"line":4,"column":29}},{"start":{"line":5,"column":2},"end":{"line":6,"column":32}},{"start":{"line":7,"column":2},"end":{"line":10,"column":32}},{"start":{"line":11,"column":2},"end":{"line":13,"column":15}},{"start":{"line":14,"column":2},"end":{"line":15,"column":15}}],"line":2}},"s":{"0":1,"1":3,"2":0,"3":0,"4":0,"5":0,"6":0,"7":0,"8":0,"9":0,"10":0,"11":3},"f":{"0":3,"1":0,"2":0},"b":{"0":[3],"1":[0,0,0,0,3]},"_coverageSchema":"1a1c01bbd47fc00a2c39e90264f33305004495a9","hash":"28850af17f9fd94f0d2f6e86842e67beda1139bb"}
,"/Users/timnguyen/turing/4module/MyFlyBox/my-fly-box-ui/reducers/currentFishEntry.js": {"path":"/Users/timnguyen/turing/4module/MyFlyBox/my-fly-box-ui/reducers/currentFishEntry.js","statementMap":{"0":{"start":{"line":1,"column":25},"end":{"line":8,"column":1}},"1":{"start":{"line":10,"column":32},"end":{"line":33,"column":1}},"2":{"start":{"line":11,"column":2},"end":{"line":32,"column":3}},"3":{"start":{"line":13,"column":6},"end":{"line":13,"column":40}},"4":{"start":{"line":14,"column":6},"end":{"line":14,"column":19}},"5":{"start":{"line":17,"column":6},"end":{"line":24,"column":9}},"6":{"start":{"line":27,"column":6},"end":{"line":27,"column":26}},"7":{"start":{"line":28,"column":3},"end":{"line":28,"column":16}},"8":{"start":{"line":31,"column":6},"end":{"line":31,"column":19}}},"fnMap":{"0":{"name":"(anonymous_0)","decl":{"start":{"line":10,"column":32},"end":{"line":10,"column":33}},"loc":{"start":{"line":10,"column":70},"end":{"line":33,"column":1}},"line":10}},"branchMap":{"0":{"loc":{"start":{"line":10,"column":33},"end":{"line":10,"column":57}},"type":"default-arg","locations":[{"start":{"line":10,"column":41},"end":{"line":10,"column":57}}],"line":10},"1":{"loc":{"start":{"line":11,"column":2},"end":{"line":32,"column":3}},"type":"switch","locations":[{"start":{"line":12,"column":4},"end":{"line":14,"column":19}},{"start":{"line":16,"column":4},"end":{"line":24,"column":9}},{"start":{"line":26,"column":4},"end":{"line":28,"column":16}},{"start":{"line":30,"column":4},"end":{"line":31,"column":19}}],"line":11}},"s":{"0":1,"1":1,"2":3,"3":0,"4":0,"5":0,"6":0,"7":0,"8":3},"f":{"0":3},"b":{"0":[3],"1":[0,0,0,3]},"_coverageSchema":"1a1c01bbd47fc00a2c39e90264f33305004495a9","hash":"201ae817ebc6e5054f37582228bad4b38b2c74b6"}
,"/Users/timnguyen/turing/4module/MyFlyBox/my-fly-box-ui/reducers/currentFlies.js": {"path":"/Users/timnguyen/turing/4module/MyFlyBox/my-fly-box-ui/reducers/currentFlies.js","statementMap":{"0":{"start":{"line":1,"column":28},"end":{"line":17,"column":1}},"1":{"start":{"line":2,"column":1},"end":{"line":16,"column":2}},"2":{"start":{"line":4,"column":3},"end":{"line":4,"column":29}},"3":{"start":{"line":6,"column":3},"end":{"line":6,"column":33}},"4":{"start":{"line":8,"column":23},"end":{"line":8,"column":73}},"5":{"start":{"line":8,"column":43},"end":{"line":8,"column":72}},"6":{"start":{"line":9,"column":5},"end":{"line":9,"column":44}},"7":{"start":{"line":10,"column":3},"end":{"line":10,"column":31}},"8":{"start":{"line":12,"column":3},"end":{"line":12,"column":51}},"9":{"start":{"line":12,"column":31},"end":{"line":12,"column":50}},"10":{"start":{"line":13,"column":3},"end":{"line":13,"column":15}},"11":{"start":{"line":15,"column":3},"end":{"line":15,"column":15}}},"fnMap":{"0":{"name":"(anonymous_0)","decl":{"start":{"line":1,"column":28},"end":{"line":1,"column":29}},"loc":{"start":{"line":1,"column":52},"end":{"line":17,"column":1}},"line":1},"1":{"name":"(anonymous_1)","decl":{"start":{"line":8,"column":36},"end":{"line":8,"column":37}},"loc":{"start":{"line":8,"column":43},"end":{"line":8,"column":72}},"line":8},"2":{"name":"(anonymous_2)","decl":{"start":{"line":12,"column":24},"end":{"line":12,"column":25}},"loc":{"start":{"line":12,"column":31},"end":{"line":12,"column":50}},"line":12}},"branchMap":{"0":{"loc":{"start":{"line":1,"column":29},"end":{"line":1,"column":39}},"type":"default-arg","locations":[{"start":{"line":1,"column":37},"end":{"line":1,"column":39}}],"line":1},"1":{"loc":{"start":{"line":2,"column":1},"end":{"line":16,"column":2}},"type":"switch","locations":[{"start":{"line":3,"column":2},"end":{"line":4,"column":29}},{"start":{"line":5,"column":2},"end":{"line":6,"column":33}},{"start":{"line":7,"column":2},"end":{"line":10,"column":31}},{"start":{"line":11,"column":2},"end":{"line":13,"column":15}},{"start":{"line":14,"column":2},"end":{"line":15,"column":15}}],"line":2}},"s":{"0":2,"1":6,"2":1,"3":1,"4":0,"5":0,"6":0,"7":0,"8":0,"9":0,"10":0,"11":4},"f":{"0":6,"1":0,"2":0},"b":{"0":[5],"1":[1,1,0,0,4]},"_coverageSchema":"1a1c01bbd47fc00a2c39e90264f33305004495a9","hash":"c736d77b9f631a967b2347a63b0643d79f2e903d"}
,"/Users/timnguyen/turing/4module/MyFlyBox/my-fly-box-ui/reducers/currentFlyEntry.js": {"path":"/Users/timnguyen/turing/4module/MyFlyBox/my-fly-box-ui/reducers/currentFlyEntry.js","statementMap":{"0":{"start":{"line":1,"column":31},"end":{"line":26,"column":1}},"1":{"start":{"line":7,"column":1},"end":{"line":25,"column":2}},"2":{"start":{"line":9,"column":3},"end":{"line":9,"column":22}},"3":{"start":{"line":10,"column":3},"end":{"line":10,"column":15}},"4":{"start":{"line":13,"column":3},"end":{"line":13,"column":36}},"5":{"start":{"line":14,"column":3},"end":{"line":14,"column":15}},"6":{"start":{"line":17,"column":3},"end":{"line":22,"column":16}},"7":{"start":{"line":24,"column":3},"end":{"line":24,"column":15}}},"fnMap":{"0":{"name":"(anonymous_0)","decl":{"start":{"line":1,"column":31},"end":{"line":1,"column":32}},"loc":{"start":{"line":6,"column":26},"end":{"line":26,"column":1}},"line":6}},"branchMap":{"0":{"loc":{"start":{"line":1,"column":32},"end":{"line":6,"column":13}},"type":"default-arg","locations":[{"start":{"line":1,"column":40},"end":{"line":6,"column":13}}],"line":1},"1":{"loc":{"start":{"line":7,"column":1},"end":{"line":25,"column":2}},"type":"switch","locations":[{"start":{"line":8,"column":2},"end":{"line":10,"column":15}},{"start":{"line":12,"column":2},"end":{"line":14,"column":15}},{"start":{"line":16,"column":2},"end":{"line":22,"column":16}},{"start":{"line":23,"column":2},"end":{"line":24,"column":15}}],"line":7}},"s":{"0":2,"1":6,"2":0,"3":0,"4":1,"5":1,"6":1,"7":4},"f":{"0":6},"b":{"0":[3],"1":[0,1,1,4]},"_coverageSchema":"1a1c01bbd47fc00a2c39e90264f33305004495a9","hash":"be4d5244db45e0488aa247bff0b2fed3461e7aa0"}
,"/Users/timnguyen/turing/4module/MyFlyBox/my-fly-box-ui/reducers/index.js": {"path":"/Users/timnguyen/turing/4module/MyFlyBox/my-fly-box-ui/reducers/index.js","statementMap":{"0":{"start":{"line":9,"column":20},"end":{"line":16,"column":2}}},"fnMap":{},"branchMap":{},"s":{"0":1},"f":{},"b":{},"_coverageSchema":"1a1c01bbd47fc00a2c39e90264f33305004495a9","hash":"b87f62312a1d314f329d26542687e38072f81ce3"}
,"/Users/timnguyen/turing/4module/MyFlyBox/my-fly-box-ui/reducers/selectedFishId.js": {"path":"/Users/timnguyen/turing/4module/MyFlyBox/my-fly-box-ui/reducers/selectedFishId.js","statementMap":{"0":{"start":{"line":1,"column":30},"end":{"line":9,"column":1}},"1":{"start":{"line":2,"column":1},"end":{"line":8,"column":2}},"2":{"start":{"line":4,"column":6},"end":{"line":4,"column":25}},"3":{"start":{"line":5,"column":6},"end":{"line":5,"column":18}},"4":{"start":{"line":7,"column":3},"end":{"line":7,"column":15}}},"fnMap":{"0":{"name":"(anonymous_0)","decl":{"start":{"line":1,"column":30},"end":{"line":1,"column":31}},"loc":{"start":{"line":1,"column":56},"end":{"line":9,"column":1}},"line":1}},"branchMap":{"0":{"loc":{"start":{"line":1,"column":31},"end":{"line":1,"column":43}},"type":"default-arg","locations":[{"start":{"line":1,"column":39},"end":{"line":1,"column":43}}],"line":1},"1":{"loc":{"start":{"line":2,"column":1},"end":{"line":8,"column":2}},"type":"switch","locations":[{"start":{"line":3,"column":4},"end":{"line":5,"column":18}},{"start":{"line":6,"column":2},"end":{"line":7,"column":15}}],"line":2}},"s":{"0":1,"1":3,"2":0,"3":0,"4":3},"f":{"0":3},"b":{"0":[3],"1":[0,3]},"_coverageSchema":"1a1c01bbd47fc00a2c39e90264f33305004495a9","hash":"dfc304538b7ebe5b789f4a5572de1e83be295e5e"}
,"/Users/timnguyen/turing/4module/MyFlyBox/my-fly-box-ui/reducers/selectedFlyId.js": {"path":"/Users/timnguyen/turing/4module/MyFlyBox/my-fly-box-ui/reducers/selectedFlyId.js","statementMap":{"0":{"start":{"line":1,"column":29},"end":{"line":9,"column":1}},"1":{"start":{"line":2,"column":1},"end":{"line":8,"column":2}},"2":{"start":{"line":4,"column":6},"end":{"line":4,"column":25}},"3":{"start":{"line":5,"column":6},"end":{"line":5,"column":18}},"4":{"start":{"line":7,"column":3},"end":{"line":7,"column":15}}},"fnMap":{"0":{"name":"(anonymous_0)","decl":{"start":{"line":1,"column":29},"end":{"line":1,"column":30}},"loc":{"start":{"line":1,"column":55},"end":{"line":9,"column":1}},"line":1}},"branchMap":{"0":{"loc":{"start":{"line":1,"column":30},"end":{"line":1,"column":42}},"type":"default-arg","locations":[{"start":{"line":1,"column":38},"end":{"line":1,"column":42}}],"line":1},"1":{"loc":{"start":{"line":2,"column":1},"end":{"line":8,"column":2}},"type":"switch","locations":[{"start":{"line":3,"column":4},"end":{"line":5,"column":18}},{"start":{"line":6,"column":2},"end":{"line":7,"column":15}}],"line":2}},"s":{"0":1,"1":3,"2":0,"3":0,"4":3},"f":{"0":3},"b":{"0":[3],"1":[0,3]},"_coverageSchema":"1a1c01bbd47fc00a2c39e90264f33305004495a9","hash":"71c24d7e23fa54c4963cd55d49b4f8575e09ab34"}
}
