{"/Users/rachaelthomas/turing/4module/cross-poll/my-fly-box-ui/ApiCalls.js": {"path":"/Users/rachaelthomas/turing/4module/cross-poll/my-fly-box-ui/ApiCalls.js","statementMap":{"0":{"start":{"line":1,"column":26},"end":{"line":11,"column":1}},"1":{"start":{"line":2,"column":2},"end":{"line":10,"column":3}},"2":{"start":{"line":3,"column":21},"end":{"line":5,"column":5}},"3":{"start":{"line":6,"column":20},"end":{"line":6,"column":41}},"4":{"start":{"line":7,"column":4},"end":{"line":7,"column":19}},"5":{"start":{"line":9,"column":4},"end":{"line":9,"column":25}},"6":{"start":{"line":13,"column":27},"end":{"line":27,"column":1}},"7":{"start":{"line":14,"column":2},"end":{"line":26,"column":3}},"8":{"start":{"line":15,"column":21},"end":{"line":21,"column":6}},"9":{"start":{"line":22,"column":28},"end":{"line":22,"column":49}},"10":{"start":{"line":23,"column":4},"end":{"line":23,"column":27}},"11":{"start":{"line":25,"column":4},"end":{"line":25,"column":25}},"12":{"start":{"line":29,"column":29},"end":{"line":43,"column":1}},"13":{"start":{"line":30,"column":2},"end":{"line":42,"column":3}},"14":{"start":{"line":31,"column":21},"end":{"line":37,"column":6}},"15":{"start":{"line":38,"column":28},"end":{"line":38,"column":49}},"16":{"start":{"line":39,"column":4},"end":{"line":39,"column":27}},"17":{"start":{"line":41,"column":4},"end":{"line":41,"column":25}},"18":{"start":{"line":44,"column":25},"end":{"line":60,"column":3}},"19":{"start":{"line":45,"column":4},"end":{"line":59,"column":5}},"20":{"start":{"line":46,"column":23},"end":{"line":54,"column":7}},"21":{"start":{"line":55,"column":31},"end":{"line":55,"column":52}},"22":{"start":{"line":56,"column":6},"end":{"line":56,"column":36}},"23":{"start":{"line":58,"column":6},"end":{"line":58,"column":27}}},"fnMap":{"0":{"name":"(anonymous_0)","decl":{"start":{"line":1,"column":26},"end":{"line":1,"column":27}},"loc":{"start":{"line":1,"column":38},"end":{"line":11,"column":1}},"line":1},"1":{"name":"(anonymous_1)","decl":{"start":{"line":13,"column":27},"end":{"line":13,"column":28}},"loc":{"start":{"line":13,"column":46},"end":{"line":27,"column":1}},"line":13},"2":{"name":"(anonymous_2)","decl":{"start":{"line":29,"column":29},"end":{"line":29,"column":30}},"loc":{"start":{"line":29,"column":48},"end":{"line":43,"column":1}},"line":29},"3":{"name":"(anonymous_3)","decl":{"start":{"line":44,"column":25},"end":{"line":44,"column":26}},"loc":{"start":{"line":44,"column":42},"end":{"line":60,"column":3}},"line":44}},"branchMap":{},"s":{"0":1,"1":0,"2":0,"3":0,"4":0,"5":0,"6":1,"7":0,"8":0,"9":0,"10":0,"11":0,"12":1,"13":0,"14":0,"15":0,"16":0,"17":0,"18":1,"19":0,"20":0,"21":0,"22":0,"23":0},"f":{"0":0,"1":0,"2":0,"3":0},"b":{},"_coverageSchema":"1a1c01bbd47fc00a2c39e90264f33305004495a9","hash":"c47a8132df9be0ec8b5e1a0d27dc240902f50c24"}
,"/Users/rachaelthomas/turing/4module/cross-poll/my-fly-box-ui/App.js": {"path":"/Users/rachaelthomas/turing/4module/cross-poll/my-fly-box-ui/App.js","statementMap":{"0":{"start":{"line":19,"column":12},"end":{"line":19,"column":46}},"1":{"start":{"line":20,"column":20},"end":{"line":20,"column":42}},"2":{"start":{"line":21,"column":20},"end":{"line":21,"column":42}},"3":{"start":{"line":22,"column":18},"end":{"line":22,"column":40}},"4":{"start":{"line":23,"column":14},"end":{"line":23,"column":61}},"5":{"start":{"line":26,"column":2},"end":{"line":60,"column":4}},"6":{"start":{"line":38,"column":14},"end":{"line":38,"column":76}},"7":{"start":{"line":47,"column":14},"end":{"line":47,"column":76}},"8":{"start":{"line":56,"column":14},"end":{"line":56,"column":76}},"9":{"start":{"line":64,"column":2},"end":{"line":93,"column":3}},"10":{"start":{"line":97,"column":2},"end":{"line":113,"column":3}},"11":{"start":{"line":117,"column":2},"end":{"line":159,"column":3}},"12":{"start":{"line":166,"column":4},"end":{"line":172,"column":6}},"13":{"start":{"line":176,"column":15},"end":{"line":183,"column":2}}},"fnMap":{"0":{"name":"MyTabs","decl":{"start":{"line":25,"column":9},"end":{"line":25,"column":15}},"loc":{"start":{"line":25,"column":18},"end":{"line":61,"column":1}},"line":25},"1":{"name":"(anonymous_1)","decl":{"start":{"line":37,"column":24},"end":{"line":37,"column":25}},"loc":{"start":{"line":38,"column":14},"end":{"line":38,"column":76}},"line":38},"2":{"name":"(anonymous_2)","decl":{"start":{"line":46,"column":24},"end":{"line":46,"column":25}},"loc":{"start":{"line":47,"column":14},"end":{"line":47,"column":76}},"line":47},"3":{"name":"(anonymous_3)","decl":{"start":{"line":55,"column":24},"end":{"line":55,"column":25}},"loc":{"start":{"line":56,"column":14},"end":{"line":56,"column":76}},"line":56},"4":{"name":"FlyBoxContainer","decl":{"start":{"line":63,"column":9},"end":{"line":63,"column":24}},"loc":{"start":{"line":63,"column":27},"end":{"line":94,"column":1}},"line":63},"5":{"name":"AddFlyContainer","decl":{"start":{"line":96,"column":9},"end":{"line":96,"column":24}},"loc":{"start":{"line":96,"column":27},"end":{"line":114,"column":1}},"line":96},"6":{"name":"FishContainer","decl":{"start":{"line":116,"column":9},"end":{"line":116,"column":22}},"loc":{"start":{"line":116,"column":25},"end":{"line":160,"column":1}},"line":116},"7":{"name":"(anonymous_7)","decl":{"start":{"line":165,"column":2},"end":{"line":165,"column":3}},"loc":{"start":{"line":165,"column":11},"end":{"line":173,"column":3}},"line":165}},"branchMap":{},"s":{"0":1,"1":1,"2":1,"3":1,"4":1,"5":0,"6":0,"7":0,"8":0,"9":0,"10":0,"11":0,"12":0,"13":1},"f":{"0":0,"1":0,"2":0,"3":0,"4":0,"5":0,"6":0,"7":0},"b":{},"_coverageSchema":"1a1c01bbd47fc00a2c39e90264f33305004495a9","hash":"66ee9c9a4672194167f95d05e769e95881361b98"}
,"/Users/rachaelthomas/turing/4module/cross-poll/my-fly-box-ui/actions/index.js": {"path":"/Users/rachaelthomas/turing/4module/cross-poll/my-fly-box-ui/actions/index.js","statementMap":{"0":{"start":{"line":1,"column":24},"end":{"line":4,"column":2}},"1":{"start":{"line":1,"column":33},"end":{"line":4,"column":1}},"2":{"start":{"line":6,"column":22},"end":{"line":9,"column":2}},"3":{"start":{"line":6,"column":31},"end":{"line":9,"column":1}},"4":{"start":{"line":11,"column":30},"end":{"line":15,"column":2}},"5":{"start":{"line":11,"column":48},"end":{"line":15,"column":1}},"6":{"start":{"line":17,"column":29},"end":{"line":19,"column":2}},"7":{"start":{"line":17,"column":36},"end":{"line":19,"column":1}},"8":{"start":{"line":21,"column":29},"end":{"line":24,"column":2}},"9":{"start":{"line":21,"column":40},"end":{"line":24,"column":1}},"10":{"start":{"line":26,"column":32},"end":{"line":29,"column":2}},"11":{"start":{"line":26,"column":43},"end":{"line":29,"column":1}}},"fnMap":{"0":{"name":"(anonymous_0)","decl":{"start":{"line":1,"column":24},"end":{"line":1,"column":25}},"loc":{"start":{"line":1,"column":33},"end":{"line":4,"column":1}},"line":1},"1":{"name":"(anonymous_1)","decl":{"start":{"line":6,"column":22},"end":{"line":6,"column":23}},"loc":{"start":{"line":6,"column":31},"end":{"line":9,"column":1}},"line":6},"2":{"name":"(anonymous_2)","decl":{"start":{"line":11,"column":30},"end":{"line":11,"column":31}},"loc":{"start":{"line":11,"column":48},"end":{"line":15,"column":1}},"line":11},"3":{"name":"(anonymous_3)","decl":{"start":{"line":17,"column":29},"end":{"line":17,"column":30}},"loc":{"start":{"line":17,"column":36},"end":{"line":19,"column":1}},"line":17},"4":{"name":"(anonymous_4)","decl":{"start":{"line":21,"column":29},"end":{"line":21,"column":30}},"loc":{"start":{"line":21,"column":40},"end":{"line":24,"column":1}},"line":21},"5":{"name":"(anonymous_5)","decl":{"start":{"line":26,"column":32},"end":{"line":26,"column":33}},"loc":{"start":{"line":26,"column":43},"end":{"line":29,"column":1}},"line":26}},"branchMap":{},"s":{"0":3,"1":2,"2":3,"3":1,"4":3,"5":2,"6":3,"7":1,"8":3,"9":0,"10":3,"11":0},"f":{"0":2,"1":1,"2":2,"3":1,"4":0,"5":0},"b":{},"_coverageSchema":"1a1c01bbd47fc00a2c39e90264f33305004495a9","hash":"d1440a23095861e2cbb58705eb1bf692830214c5"}
,"/Users/rachaelthomas/turing/4module/cross-poll/my-fly-box-ui/components/Fly.js": {"path":"/Users/rachaelthomas/turing/4module/cross-poll/my-fly-box-ui/components/Fly.js","statementMap":{"0":{"start":{"line":11,"column":4},"end":{"line":11,"column":30}},"1":{"start":{"line":14,"column":21},"end":{"line":16,"column":3}},"2":{"start":{"line":15,"column":4},"end":{"line":15,"column":50}},"3":{"start":{"line":18,"column":18},"end":{"line":31,"column":5}},"4":{"start":{"line":19,"column":4},"end":{"line":31,"column":5}},"5":{"start":{"line":25,"column":25},"end":{"line":25,"column":54}},"6":{"start":{"line":28,"column":37},"end":{"line":28,"column":53}},"7":{"start":{"line":34,"column":6},"end":{"line":50,"column":8}},"8":{"start":{"line":40,"column":12},"end":{"line":40,"column":35}},"9":{"start":{"line":41,"column":12},"end":{"line":41,"column":53}},"10":{"start":{"line":46,"column":43},"end":{"line":46,"column":80}},"11":{"start":{"line":54,"column":15},"end":{"line":85,"column":2}},"12":{"start":{"line":87,"column":27},"end":{"line":89,"column":2}},"13":{"start":{"line":87,"column":42},"end":{"line":89,"column":1}},"14":{"start":{"line":88,"column":30},"end":{"line":88,"column":62}}},"fnMap":{"0":{"name":"(anonymous_0)","decl":{"start":{"line":10,"column":2},"end":{"line":10,"column":3}},"loc":{"start":{"line":10,"column":36},"end":{"line":12,"column":3}},"line":10},"1":{"name":"(anonymous_1)","decl":{"start":{"line":14,"column":21},"end":{"line":14,"column":22}},"loc":{"start":{"line":14,"column":27},"end":{"line":16,"column":3}},"line":14},"2":{"name":"(anonymous_2)","decl":{"start":{"line":18,"column":18},"end":{"line":18,"column":19}},"loc":{"start":{"line":19,"column":4},"end":{"line":31,"column":5}},"line":19},"3":{"name":"(anonymous_3)","decl":{"start":{"line":25,"column":19},"end":{"line":25,"column":20}},"loc":{"start":{"line":25,"column":25},"end":{"line":25,"column":54}},"line":25},"4":{"name":"(anonymous_4)","decl":{"start":{"line":28,"column":31},"end":{"line":28,"column":32}},"loc":{"start":{"line":28,"column":37},"end":{"line":28,"column":53}},"line":28},"5":{"name":"(anonymous_5)","decl":{"start":{"line":33,"column":4},"end":{"line":33,"column":5}},"loc":{"start":{"line":33,"column":13},"end":{"line":51,"column":5}},"line":33},"6":{"name":"(anonymous_6)","decl":{"start":{"line":39,"column":37},"end":{"line":39,"column":38}},"loc":{"start":{"line":39,"column":43},"end":{"line":42,"column":13}},"line":39},"7":{"name":"(anonymous_7)","decl":{"start":{"line":46,"column":37},"end":{"line":46,"column":38}},"loc":{"start":{"line":46,"column":43},"end":{"line":46,"column":80}},"line":46},"8":{"name":"(anonymous_8)","decl":{"start":{"line":87,"column":27},"end":{"line":87,"column":28}},"loc":{"start":{"line":87,"column":42},"end":{"line":89,"column":1}},"line":87},"9":{"name":"(anonymous_9)","decl":{"start":{"line":88,"column":20},"end":{"line":88,"column":21}},"loc":{"start":{"line":88,"column":30},"end":{"line":88,"column":62}},"line":88}},"branchMap":{},"s":{"0":0,"1":0,"2":0,"3":0,"4":0,"5":0,"6":0,"7":0,"8":0,"9":0,"10":0,"11":1,"12":1,"13":0,"14":0},"f":{"0":0,"1":0,"2":0,"3":0,"4":0,"5":0,"6":0,"7":0,"8":0,"9":0},"b":{},"_coverageSchema":"1a1c01bbd47fc00a2c39e90264f33305004495a9","hash":"26fc9899deff6a907a3f3e217af466f2aa1d216e"}
,"/Users/rachaelthomas/turing/4module/cross-poll/my-fly-box-ui/components/FlyForm.js": {"path":"/Users/rachaelthomas/turing/4module/cross-poll/my-fly-box-ui/components/FlyForm.js","statementMap":{"0":{"start":{"line":7,"column":10},"end":{"line":13,"column":3}},"1":{"start":{"line":15,"column":15},"end":{"line":18,"column":3}},"2":{"start":{"line":16,"column":4},"end":{"line":16,"column":33}},"3":{"start":{"line":17,"column":4},"end":{"line":17,"column":43}},"4":{"start":{"line":20,"column":16},"end":{"line":23,"column":3}},"5":{"start":{"line":21,"column":4},"end":{"line":21,"column":34}},"6":{"start":{"line":22,"column":4},"end":{"line":22,"column":44}},"7":{"start":{"line":25,"column":15},"end":{"line":28,"column":3}},"8":{"start":{"line":26,"column":4},"end":{"line":26,"column":33}},"9":{"start":{"line":27,"column":4},"end":{"line":27,"column":43}},"10":{"start":{"line":30,"column":15},"end":{"line":33,"column":3}},"11":{"start":{"line":31,"column":4},"end":{"line":31,"column":37}},"12":{"start":{"line":32,"column":4},"end":{"line":32,"column":47}},"13":{"start":{"line":35,"column":17},"end":{"line":38,"column":3}},"14":{"start":{"line":36,"column":4},"end":{"line":36,"column":35}},"15":{"start":{"line":37,"column":4},"end":{"line":37,"column":45}},"16":{"start":{"line":41,"column":4},"end":{"line":80,"column":5}},"17":{"start":{"line":84,"column":15},"end":{"line":92,"column":2}},"18":{"start":{"line":94,"column":24},"end":{"line":96,"column":2}},"19":{"start":{"line":94,"column":34},"end":{"line":96,"column":1}},"20":{"start":{"line":98,"column":27},"end":{"line":100,"column":2}},"21":{"start":{"line":98,"column":42},"end":{"line":100,"column":1}},"22":{"start":{"line":99,"column":34},"end":{"line":99,"column":72}}},"fnMap":{"0":{"name":"(anonymous_0)","decl":{"start":{"line":15,"column":15},"end":{"line":15,"column":16}},"loc":{"start":{"line":15,"column":25},"end":{"line":18,"column":3}},"line":15},"1":{"name":"(anonymous_1)","decl":{"start":{"line":20,"column":16},"end":{"line":20,"column":17}},"loc":{"start":{"line":20,"column":26},"end":{"line":23,"column":3}},"line":20},"2":{"name":"(anonymous_2)","decl":{"start":{"line":25,"column":15},"end":{"line":25,"column":16}},"loc":{"start":{"line":25,"column":25},"end":{"line":28,"column":3}},"line":25},"3":{"name":"(anonymous_3)","decl":{"start":{"line":30,"column":15},"end":{"line":30,"column":16}},"loc":{"start":{"line":30,"column":25},"end":{"line":33,"column":3}},"line":30},"4":{"name":"(anonymous_4)","decl":{"start":{"line":35,"column":17},"end":{"line":35,"column":18}},"loc":{"start":{"line":35,"column":27},"end":{"line":38,"column":3}},"line":35},"5":{"name":"(anonymous_5)","decl":{"start":{"line":40,"column":0},"end":{"line":40,"column":1}},"loc":{"start":{"line":40,"column":9},"end":{"line":81,"column":3}},"line":40},"6":{"name":"(anonymous_6)","decl":{"start":{"line":94,"column":24},"end":{"line":94,"column":25}},"loc":{"start":{"line":94,"column":34},"end":{"line":96,"column":1}},"line":94},"7":{"name":"(anonymous_7)","decl":{"start":{"line":98,"column":27},"end":{"line":98,"column":28}},"loc":{"start":{"line":98,"column":42},"end":{"line":100,"column":1}},"line":98},"8":{"name":"(anonymous_8)","decl":{"start":{"line":99,"column":18},"end":{"line":99,"column":19}},"loc":{"start":{"line":99,"column":34},"end":{"line":99,"column":72}},"line":99}},"branchMap":{},"s":{"0":0,"1":0,"2":0,"3":0,"4":0,"5":0,"6":0,"7":0,"8":0,"9":0,"10":0,"11":0,"12":0,"13":0,"14":0,"15":0,"16":0,"17":2,"18":2,"19":0,"20":2,"21":0,"22":0},"f":{"0":0,"1":0,"2":0,"3":0,"4":0,"5":0,"6":0,"7":0,"8":0},"b":{},"_coverageSchema":"1a1c01bbd47fc00a2c39e90264f33305004495a9","hash":"84ac96379a8f2a9e31ecea94bf3a0f8f79d69cfd"}
,"/Users/rachaelthomas/turing/4module/cross-poll/my-fly-box-ui/containers/AddFish.js": {"path":"/Users/rachaelthomas/turing/4module/cross-poll/my-fly-box-ui/containers/AddFish.js","statementMap":{"0":{"start":{"line":5,"column":2},"end":{"line":9,"column":4}}},"fnMap":{"0":{"name":"AddFish","decl":{"start":{"line":4,"column":24},"end":{"line":4,"column":31}},"loc":{"start":{"line":4,"column":48},"end":{"line":10,"column":1}},"line":4}},"branchMap":{},"s":{"0":0},"f":{"0":0},"b":{},"_coverageSchema":"1a1c01bbd47fc00a2c39e90264f33305004495a9","hash":"2a30b065390529166abe907992bc9ec7354d870f"}
,"/Users/rachaelthomas/turing/4module/cross-poll/my-fly-box-ui/containers/AddFly.js": {"path":"/Users/rachaelthomas/turing/4module/cross-poll/my-fly-box-ui/containers/AddFly.js","statementMap":{"0":{"start":{"line":10,"column":4},"end":{"line":10,"column":17}},"1":{"start":{"line":13,"column":11},"end":{"line":21,"column":3}},"2":{"start":{"line":14,"column":28},"end":{"line":14,"column":54}},"3":{"start":{"line":15,"column":4},"end":{"line":20,"column":5}},"4":{"start":{"line":17,"column":8},"end":{"line":17,"column":37}},"5":{"start":{"line":18,"column":8},"end":{"line":18,"column":36}},"6":{"start":{"line":24,"column":4},"end":{"line":46,"column":5}},"7":{"start":{"line":31,"column":14},"end":{"line":31,"column":42}},"8":{"start":{"line":32,"column":14},"end":{"line":32,"column":57}},"9":{"start":{"line":39,"column":14},"end":{"line":39,"column":27}},"10":{"start":{"line":40,"column":14},"end":{"line":40,"column":57}},"11":{"start":{"line":50,"column":15},"end":{"line":63,"column":2}},"12":{"start":{"line":65,"column":24},"end":{"line":67,"column":2}},"13":{"start":{"line":65,"column":34},"end":{"line":67,"column":1}},"14":{"start":{"line":69,"column":27},"end":{"line":72,"column":2}},"15":{"start":{"line":69,"column":42},"end":{"line":72,"column":1}},"16":{"start":{"line":70,"column":18},"end":{"line":70,"column":42}},"17":{"start":{"line":71,"column":24},"end":{"line":71,"column":51}}},"fnMap":{"0":{"name":"(anonymous_0)","decl":{"start":{"line":9,"column":2},"end":{"line":9,"column":3}},"loc":{"start":{"line":9,"column":21},"end":{"line":11,"column":3}},"line":9},"1":{"name":"(anonymous_1)","decl":{"start":{"line":13,"column":11},"end":{"line":13,"column":12}},"loc":{"start":{"line":13,"column":17},"end":{"line":21,"column":3}},"line":13},"2":{"name":"(anonymous_2)","decl":{"start":{"line":16,"column":12},"end":{"line":16,"column":13}},"loc":{"start":{"line":16,"column":20},"end":{"line":19,"column":7}},"line":16},"3":{"name":"(anonymous_3)","decl":{"start":{"line":23,"column":2},"end":{"line":23,"column":3}},"loc":{"start":{"line":23,"column":11},"end":{"line":47,"column":3}},"line":23},"4":{"name":"(anonymous_4)","decl":{"start":{"line":30,"column":23},"end":{"line":30,"column":24}},"loc":{"start":{"line":30,"column":29},"end":{"line":33,"column":15}},"line":30},"5":{"name":"(anonymous_5)","decl":{"start":{"line":38,"column":23},"end":{"line":38,"column":24}},"loc":{"start":{"line":38,"column":29},"end":{"line":41,"column":15}},"line":38},"6":{"name":"(anonymous_6)","decl":{"start":{"line":65,"column":24},"end":{"line":65,"column":25}},"loc":{"start":{"line":65,"column":34},"end":{"line":67,"column":1}},"line":65},"7":{"name":"(anonymous_7)","decl":{"start":{"line":69,"column":27},"end":{"line":69,"column":28}},"loc":{"start":{"line":69,"column":42},"end":{"line":72,"column":1}},"line":69},"8":{"name":"(anonymous_8)","decl":{"start":{"line":70,"column":10},"end":{"line":70,"column":11}},"loc":{"start":{"line":70,"column":18},"end":{"line":70,"column":42}},"line":70},"9":{"name":"(anonymous_9)","decl":{"start":{"line":71,"column":18},"end":{"line":71,"column":19}},"loc":{"start":{"line":71,"column":24},"end":{"line":71,"column":51}},"line":71}},"branchMap":{},"s":{"0":0,"1":0,"2":0,"3":0,"4":0,"5":0,"6":0,"7":0,"8":0,"9":0,"10":0,"11":1,"12":1,"13":0,"14":1,"15":0,"16":0,"17":0},"f":{"0":0,"1":0,"2":0,"3":0,"4":0,"5":0,"6":0,"7":0,"8":0,"9":0},"b":{},"_coverageSchema":"1a1c01bbd47fc00a2c39e90264f33305004495a9","hash":"a6ccdf1391db039f9a6491c238e3a627e27a3dcb"}
,"/Users/rachaelthomas/turing/4module/cross-poll/my-fly-box-ui/containers/EditFish.js": {"path":"/Users/rachaelthomas/turing/4module/cross-poll/my-fly-box-ui/containers/EditFish.js","statementMap":{"0":{"start":{"line":5,"column":2},"end":{"line":9,"column":4}}},"fnMap":{"0":{"name":"EditFish","decl":{"start":{"line":4,"column":24},"end":{"line":4,"column":32}},"loc":{"start":{"line":4,"column":49},"end":{"line":10,"column":1}},"line":4}},"branchMap":{},"s":{"0":0},"f":{"0":0},"b":{},"_coverageSchema":"1a1c01bbd47fc00a2c39e90264f33305004495a9","hash":"b788ff63b9027f37a7eadc980c68efc2a7957399"}
,"/Users/rachaelthomas/turing/4module/cross-poll/my-fly-box-ui/containers/EditFly.js": {"path":"/Users/rachaelthomas/turing/4module/cross-poll/my-fly-box-ui/containers/EditFly.js","statementMap":{"0":{"start":{"line":10,"column":8},"end":{"line":10,"column":20}},"1":{"start":{"line":11,"column":8},"end":{"line":13,"column":9}},"2":{"start":{"line":16,"column":24},"end":{"line":20,"column":5}},"3":{"start":{"line":17,"column":28},"end":{"line":17,"column":99}},"4":{"start":{"line":17,"column":64},"end":{"line":17,"column":98}},"5":{"start":{"line":18,"column":8},"end":{"line":18,"column":49}},"6":{"start":{"line":19,"column":8},"end":{"line":19,"column":39}},"7":{"start":{"line":22,"column":20},"end":{"line":24,"column":5}},"8":{"start":{"line":23,"column":8},"end":{"line":23,"column":56}},"9":{"start":{"line":26,"column":16},"end":{"line":28,"column":5}},"10":{"start":{"line":27,"column":8},"end":{"line":27,"column":45}},"11":{"start":{"line":31,"column":7},"end":{"line":51,"column":8}},"12":{"start":{"line":37,"column":20},"end":{"line":37,"column":63}},"13":{"start":{"line":44,"column":20},"end":{"line":44,"column":36}},"14":{"start":{"line":45,"column":20},"end":{"line":45,"column":63}},"15":{"start":{"line":54,"column":15},"end":{"line":67,"column":4}},"16":{"start":{"line":69,"column":24},"end":{"line":72,"column":4}},"17":{"start":{"line":69,"column":36},"end":{"line":72,"column":3}},"18":{"start":{"line":74,"column":29},"end":{"line":77,"column":4}},"19":{"start":{"line":74,"column":44},"end":{"line":77,"column":3}},"20":{"start":{"line":75,"column":29},"end":{"line":75,"column":58}},"21":{"start":{"line":76,"column":24},"end":{"line":76,"column":46}}},"fnMap":{"0":{"name":"(anonymous_0)","decl":{"start":{"line":9,"column":4},"end":{"line":9,"column":5}},"loc":{"start":{"line":9,"column":23},"end":{"line":14,"column":5}},"line":9},"1":{"name":"(anonymous_1)","decl":{"start":{"line":16,"column":24},"end":{"line":16,"column":25}},"loc":{"start":{"line":16,"column":30},"end":{"line":20,"column":5}},"line":16},"2":{"name":"(anonymous_2)","decl":{"start":{"line":17,"column":57},"end":{"line":17,"column":58}},"loc":{"start":{"line":17,"column":64},"end":{"line":17,"column":98}},"line":17},"3":{"name":"(anonymous_3)","decl":{"start":{"line":22,"column":20},"end":{"line":22,"column":21}},"loc":{"start":{"line":22,"column":37},"end":{"line":24,"column":5}},"line":22},"4":{"name":"(anonymous_4)","decl":{"start":{"line":26,"column":16},"end":{"line":26,"column":17}},"loc":{"start":{"line":26,"column":22},"end":{"line":28,"column":5}},"line":26},"5":{"name":"(anonymous_5)","decl":{"start":{"line":30,"column":4},"end":{"line":30,"column":5}},"loc":{"start":{"line":30,"column":13},"end":{"line":52,"column":5}},"line":30},"6":{"name":"(anonymous_6)","decl":{"start":{"line":36,"column":31},"end":{"line":36,"column":32}},"loc":{"start":{"line":36,"column":37},"end":{"line":38,"column":21}},"line":36},"7":{"name":"(anonymous_7)","decl":{"start":{"line":43,"column":31},"end":{"line":43,"column":32}},"loc":{"start":{"line":43,"column":37},"end":{"line":46,"column":21}},"line":43},"8":{"name":"(anonymous_8)","decl":{"start":{"line":69,"column":24},"end":{"line":69,"column":25}},"loc":{"start":{"line":69,"column":36},"end":{"line":72,"column":3}},"line":69},"9":{"name":"(anonymous_9)","decl":{"start":{"line":74,"column":29},"end":{"line":74,"column":30}},"loc":{"start":{"line":74,"column":44},"end":{"line":77,"column":3}},"line":74},"10":{"name":"(anonymous_10)","decl":{"start":{"line":75,"column":19},"end":{"line":75,"column":20}},"loc":{"start":{"line":75,"column":29},"end":{"line":75,"column":58}},"line":75},"11":{"name":"(anonymous_11)","decl":{"start":{"line":76,"column":14},"end":{"line":76,"column":15}},"loc":{"start":{"line":76,"column":24},"end":{"line":76,"column":46}},"line":76}},"branchMap":{},"s":{"0":0,"1":0,"2":0,"3":0,"4":0,"5":0,"6":0,"7":0,"8":0,"9":0,"10":0,"11":0,"12":0,"13":0,"14":0,"15":1,"16":1,"17":0,"18":1,"19":0,"20":0,"21":0},"f":{"0":0,"1":0,"2":0,"3":0,"4":0,"5":0,"6":0,"7":0,"8":0,"9":0,"10":0,"11":0},"b":{},"_coverageSchema":"1a1c01bbd47fc00a2c39e90264f33305004495a9","hash":"d3077ac37bfaa5c1450f99d51b71e2704a778ff2"}
,"/Users/rachaelthomas/turing/4module/cross-poll/my-fly-box-ui/containers/FishCaught.js": {"path":"/Users/rachaelthomas/turing/4module/cross-poll/my-fly-box-ui/containers/FishCaught.js","statementMap":{"0":{"start":{"line":12,"column":2},"end":{"line":23,"column":4}},"1":{"start":{"line":17,"column":10},"end":{"line":17,"column":41}},"2":{"start":{"line":26,"column":15},"end":{"line":41,"column":2}}},"fnMap":{"0":{"name":"FishCaught","decl":{"start":{"line":11,"column":24},"end":{"line":11,"column":34}},"loc":{"start":{"line":11,"column":52},"end":{"line":24,"column":1}},"line":11},"1":{"name":"(anonymous_1)","decl":{"start":{"line":16,"column":17},"end":{"line":16,"column":18}},"loc":{"start":{"line":16,"column":23},"end":{"line":18,"column":9}},"line":16}},"branchMap":{},"s":{"0":0,"1":0,"2":1},"f":{"0":0,"1":0},"b":{},"_coverageSchema":"1a1c01bbd47fc00a2c39e90264f33305004495a9","hash":"762276a3c855d057c15c9d424868cb29af3b47a7"}
,"/Users/rachaelthomas/turing/4module/cross-poll/my-fly-box-ui/containers/FlyBox.js": {"path":"/Users/rachaelthomas/turing/4module/cross-poll/my-fly-box-ui/containers/FlyBox.js","statementMap":{"0":{"start":{"line":8,"column":30},"end":{"line":12,"column":1}},"1":{"start":{"line":9,"column":2},"end":{"line":11,"column":4}},"2":{"start":{"line":16,"column":4},"end":{"line":16,"column":17}},"3":{"start":{"line":20,"column":4},"end":{"line":20,"column":64}},"4":{"start":{"line":20,"column":32},"end":{"line":20,"column":62}},"5":{"start":{"line":24,"column":4},"end":{"line":24,"column":64}},"6":{"start":{"line":24,"column":32},"end":{"line":24,"column":62}},"7":{"start":{"line":27,"column":16},"end":{"line":54,"column":3}},"8":{"start":{"line":28,"column":4},"end":{"line":53,"column":5}},"9":{"start":{"line":29,"column":6},"end":{"line":38,"column":8}},"10":{"start":{"line":35,"column":12},"end":{"line":35,"column":65}},"11":{"start":{"line":40,"column":6},"end":{"line":52,"column":8}},"12":{"start":{"line":57,"column":4},"end":{"line":68,"column":6}},"13":{"start":{"line":72,"column":15},"end":{"line":95,"column":2}},"14":{"start":{"line":97,"column":24},"end":{"line":99,"column":2}},"15":{"start":{"line":97,"column":36},"end":{"line":99,"column":1}},"16":{"start":{"line":101,"column":27},"end":{"line":103,"column":2}},"17":{"start":{"line":101,"column":42},"end":{"line":103,"column":1}},"18":{"start":{"line":102,"column":22},"end":{"line":102,"column":46}}},"fnMap":{"0":{"name":"(anonymous_0)","decl":{"start":{"line":8,"column":30},"end":{"line":8,"column":31}},"loc":{"start":{"line":8,"column":36},"end":{"line":12,"column":1}},"line":8},"1":{"name":"(anonymous_1)","decl":{"start":{"line":15,"column":2},"end":{"line":15,"column":3}},"loc":{"start":{"line":15,"column":21},"end":{"line":17,"column":3}},"line":15},"2":{"name":"(anonymous_2)","decl":{"start":{"line":19,"column":2},"end":{"line":19,"column":3}},"loc":{"start":{"line":19,"column":28},"end":{"line":21,"column":3}},"line":19},"3":{"name":"(anonymous_3)","decl":{"start":{"line":20,"column":22},"end":{"line":20,"column":23}},"loc":{"start":{"line":20,"column":32},"end":{"line":20,"column":62}},"line":20},"4":{"name":"(anonymous_4)","decl":{"start":{"line":23,"column":2},"end":{"line":23,"column":3}},"loc":{"start":{"line":23,"column":29},"end":{"line":25,"column":3}},"line":23},"5":{"name":"(anonymous_5)","decl":{"start":{"line":24,"column":22},"end":{"line":24,"column":23}},"loc":{"start":{"line":24,"column":32},"end":{"line":24,"column":62}},"line":24},"6":{"name":"(anonymous_6)","decl":{"start":{"line":27,"column":16},"end":{"line":27,"column":17}},"loc":{"start":{"line":27,"column":22},"end":{"line":54,"column":3}},"line":27},"7":{"name":"(anonymous_7)","decl":{"start":{"line":34,"column":22},"end":{"line":34,"column":23}},"loc":{"start":{"line":35,"column":12},"end":{"line":35,"column":65}},"line":35},"8":{"name":"(anonymous_8)","decl":{"start":{"line":56,"column":2},"end":{"line":56,"column":3}},"loc":{"start":{"line":56,"column":11},"end":{"line":69,"column":3}},"line":56},"9":{"name":"(anonymous_9)","decl":{"start":{"line":97,"column":24},"end":{"line":97,"column":25}},"loc":{"start":{"line":97,"column":36},"end":{"line":99,"column":1}},"line":97},"10":{"name":"(anonymous_10)","decl":{"start":{"line":101,"column":27},"end":{"line":101,"column":28}},"loc":{"start":{"line":101,"column":42},"end":{"line":103,"column":1}},"line":101},"11":{"name":"(anonymous_11)","decl":{"start":{"line":102,"column":12},"end":{"line":102,"column":13}},"loc":{"start":{"line":102,"column":22},"end":{"line":102,"column":46}},"line":102}},"branchMap":{"0":{"loc":{"start":{"line":28,"column":4},"end":{"line":53,"column":5}},"type":"if","locations":[{"start":{"line":28,"column":4},"end":{"line":53,"column":5}},{"start":{"line":28,"column":4},"end":{"line":53,"column":5}}],"line":28}},"s":{"0":1,"1":0,"2":0,"3":0,"4":0,"5":0,"6":0,"7":0,"8":0,"9":0,"10":0,"11":0,"12":0,"13":1,"14":1,"15":0,"16":1,"17":0,"18":0},"f":{"0":0,"1":0,"2":0,"3":0,"4":0,"5":0,"6":0,"7":0,"8":0,"9":0,"10":0,"11":0},"b":{"0":[0,0]},"_coverageSchema":"1a1c01bbd47fc00a2c39e90264f33305004495a9","hash":"0df85bc1366f950e2f787f20ad351f9f8e6b932d"}
,"/Users/rachaelthomas/turing/4module/cross-poll/my-fly-box-ui/reducers/currentFlies.js": {"path":"/Users/rachaelthomas/turing/4module/cross-poll/my-fly-box-ui/reducers/currentFlies.js","statementMap":{"0":{"start":{"line":1,"column":28},"end":{"line":10,"column":1}},"1":{"start":{"line":2,"column":1},"end":{"line":9,"column":2}},"2":{"start":{"line":4,"column":3},"end":{"line":4,"column":29}},"3":{"start":{"line":6,"column":3},"end":{"line":6,"column":33}},"4":{"start":{"line":8,"column":3},"end":{"line":8,"column":15}}},"fnMap":{"0":{"name":"(anonymous_0)","decl":{"start":{"line":1,"column":28},"end":{"line":1,"column":29}},"loc":{"start":{"line":1,"column":52},"end":{"line":10,"column":1}},"line":1}},"branchMap":{"0":{"loc":{"start":{"line":1,"column":29},"end":{"line":1,"column":39}},"type":"default-arg","locations":[{"start":{"line":1,"column":37},"end":{"line":1,"column":39}}],"line":1},"1":{"loc":{"start":{"line":2,"column":1},"end":{"line":9,"column":2}},"type":"switch","locations":[{"start":{"line":3,"column":2},"end":{"line":4,"column":29}},{"start":{"line":5,"column":2},"end":{"line":6,"column":33}},{"start":{"line":7,"column":2},"end":{"line":8,"column":15}}],"line":2}},"s":{"0":2,"1":6,"2":1,"3":1,"4":4},"f":{"0":6},"b":{"0":[5],"1":[1,1,4]},"_coverageSchema":"1a1c01bbd47fc00a2c39e90264f33305004495a9","hash":"628309a4cacbb20a9e6c5fe7d7f78664735fc4f4"}
,"/Users/rachaelthomas/turing/4module/cross-poll/my-fly-box-ui/reducers/currentFlyEntry.js": {"path":"/Users/rachaelthomas/turing/4module/cross-poll/my-fly-box-ui/reducers/currentFlyEntry.js","statementMap":{"0":{"start":{"line":1,"column":31},"end":{"line":26,"column":1}},"1":{"start":{"line":7,"column":1},"end":{"line":25,"column":2}},"2":{"start":{"line":9,"column":3},"end":{"line":9,"column":22}},"3":{"start":{"line":10,"column":3},"end":{"line":10,"column":15}},"4":{"start":{"line":13,"column":3},"end":{"line":13,"column":36}},"5":{"start":{"line":14,"column":3},"end":{"line":14,"column":15}},"6":{"start":{"line":17,"column":3},"end":{"line":22,"column":16}},"7":{"start":{"line":24,"column":3},"end":{"line":24,"column":15}}},"fnMap":{"0":{"name":"(anonymous_0)","decl":{"start":{"line":1,"column":31},"end":{"line":1,"column":32}},"loc":{"start":{"line":6,"column":26},"end":{"line":26,"column":1}},"line":6}},"branchMap":{"0":{"loc":{"start":{"line":1,"column":32},"end":{"line":6,"column":13}},"type":"default-arg","locations":[{"start":{"line":1,"column":40},"end":{"line":6,"column":13}}],"line":1},"1":{"loc":{"start":{"line":7,"column":1},"end":{"line":25,"column":2}},"type":"switch","locations":[{"start":{"line":8,"column":2},"end":{"line":10,"column":15}},{"start":{"line":12,"column":2},"end":{"line":14,"column":15}},{"start":{"line":16,"column":2},"end":{"line":22,"column":16}},{"start":{"line":23,"column":2},"end":{"line":24,"column":15}}],"line":7}},"s":{"0":2,"1":6,"2":0,"3":0,"4":1,"5":1,"6":1,"7":4},"f":{"0":6},"b":{"0":[3],"1":[0,1,1,4]},"_coverageSchema":"1a1c01bbd47fc00a2c39e90264f33305004495a9","hash":"46271bed7de1c994c26bd4a0591705dc622acf50"}
,"/Users/rachaelthomas/turing/4module/cross-poll/my-fly-box-ui/reducers/index.js": {"path":"/Users/rachaelthomas/turing/4module/cross-poll/my-fly-box-ui/reducers/index.js","statementMap":{"0":{"start":{"line":6,"column":20},"end":{"line":10,"column":2}}},"fnMap":{},"branchMap":{},"s":{"0":1},"f":{},"b":{},"_coverageSchema":"1a1c01bbd47fc00a2c39e90264f33305004495a9","hash":"95563e20d019e8c842bfbb2d77007676fae4a270"}
,"/Users/rachaelthomas/turing/4module/cross-poll/my-fly-box-ui/reducers/selectedFlyId.js": {"path":"/Users/rachaelthomas/turing/4module/cross-poll/my-fly-box-ui/reducers/selectedFlyId.js","statementMap":{"0":{"start":{"line":1,"column":29},"end":{"line":9,"column":1}},"1":{"start":{"line":2,"column":1},"end":{"line":8,"column":2}},"2":{"start":{"line":4,"column":6},"end":{"line":4,"column":25}},"3":{"start":{"line":5,"column":6},"end":{"line":5,"column":18}},"4":{"start":{"line":7,"column":3},"end":{"line":7,"column":15}}},"fnMap":{"0":{"name":"(anonymous_0)","decl":{"start":{"line":1,"column":29},"end":{"line":1,"column":30}},"loc":{"start":{"line":1,"column":55},"end":{"line":9,"column":1}},"line":1}},"branchMap":{"0":{"loc":{"start":{"line":1,"column":30},"end":{"line":1,"column":42}},"type":"default-arg","locations":[{"start":{"line":1,"column":38},"end":{"line":1,"column":42}}],"line":1},"1":{"loc":{"start":{"line":2,"column":1},"end":{"line":8,"column":2}},"type":"switch","locations":[{"start":{"line":3,"column":4},"end":{"line":5,"column":18}},{"start":{"line":6,"column":2},"end":{"line":7,"column":15}}],"line":2}},"s":{"0":1,"1":3,"2":0,"3":0,"4":3},"f":{"0":3},"b":{"0":[3],"1":[0,3]},"_coverageSchema":"1a1c01bbd47fc00a2c39e90264f33305004495a9","hash":"ea2afc04e14853eb9c7cac4635158a5e7f2ca1bd"}
}
