TN:
SF:ApiCalls.js
FN:1,(anonymous_0)
FN:13,(anonymous_1)
FN:29,(anonymous_2)
FN:44,(anonymous_3)
FNF:4
FNH:0
FNDA:0,(anonymous_0)
FNDA:0,(anonymous_1)
FNDA:0,(anonymous_2)
FNDA:0,(anonymous_3)
DA:1,1
DA:2,0
DA:3,0
DA:6,0
DA:7,0
DA:9,0
DA:13,1
DA:14,0
DA:15,0
DA:22,0
DA:23,0
DA:25,0
DA:29,1
DA:30,0
DA:31,0
DA:38,0
DA:39,0
DA:41,0
DA:44,1
DA:45,0
DA:46,0
DA:55,0
DA:56,0
DA:58,0
LF:24
LH:4
BRF:0
BRH:0
end_of_record
TN:
SF:App.js
FN:25,MyTabs
FN:37,(anonymous_1)
FN:46,(anonymous_2)
FN:55,(anonymous_3)
FN:63,FlyBoxContainer
FN:96,AddFlyContainer
FN:116,FishContainer
FN:165,(anonymous_7)
FNF:8
FNH:0
FNDA:0,MyTabs
FNDA:0,(anonymous_1)
FNDA:0,(anonymous_2)
FNDA:0,(anonymous_3)
FNDA:0,FlyBoxContainer
FNDA:0,AddFlyContainer
FNDA:0,FishContainer
FNDA:0,(anonymous_7)
DA:19,1
DA:20,1
DA:21,1
DA:22,1
DA:23,1
DA:26,0
DA:38,0
DA:47,0
DA:56,0
DA:64,0
DA:97,0
DA:117,0
DA:166,0
DA:176,1
LF:14
LH:6
BRF:0
BRH:0
end_of_record
TN:
SF:actions/index.js
FN:1,(anonymous_0)
FN:6,(anonymous_1)
FN:11,(anonymous_2)
FN:17,(anonymous_3)
FN:21,(anonymous_4)
FN:26,(anonymous_5)
FNF:6
FNH:4
FNDA:2,(anonymous_0)
FNDA:1,(anonymous_1)
FNDA:2,(anonymous_2)
FNDA:1,(anonymous_3)
FNDA:0,(anonymous_4)
FNDA:0,(anonymous_5)
DA:1,3
DA:6,3
DA:11,3
DA:17,3
DA:21,3
DA:26,3
LF:6
LH:6
BRF:0
BRH:0
end_of_record
TN:
SF:components/Fly.js
FN:10,(anonymous_0)
FN:14,(anonymous_1)
FN:18,(anonymous_2)
FN:25,(anonymous_3)
FN:28,(anonymous_4)
FN:33,(anonymous_5)
FN:39,(anonymous_6)
FN:46,(anonymous_7)
FN:87,(anonymous_8)
FN:88,(anonymous_9)
FNF:10
FNH:0
FNDA:0,(anonymous_0)
FNDA:0,(anonymous_1)
FNDA:0,(anonymous_2)
FNDA:0,(anonymous_3)
FNDA:0,(anonymous_4)
FNDA:0,(anonymous_5)
FNDA:0,(anonymous_6)
FNDA:0,(anonymous_7)
FNDA:0,(anonymous_8)
FNDA:0,(anonymous_9)
DA:11,0
DA:14,0
DA:15,0
DA:18,0
DA:19,0
DA:25,0
DA:28,0
DA:34,0
DA:40,0
DA:41,0
DA:46,0
DA:54,1
DA:87,1
DA:88,0
LF:14
LH:2
BRF:0
BRH:0
end_of_record
TN:
SF:components/FlyForm.js
FN:15,(anonymous_0)
FN:20,(anonymous_1)
FN:25,(anonymous_2)
FN:30,(anonymous_3)
FN:35,(anonymous_4)
FN:40,(anonymous_5)
FN:94,(anonymous_6)
FN:98,(anonymous_7)
FN:99,(anonymous_8)
FNF:9
FNH:0
FNDA:0,(anonymous_0)
FNDA:0,(anonymous_1)
FNDA:0,(anonymous_2)
FNDA:0,(anonymous_3)
FNDA:0,(anonymous_4)
FNDA:0,(anonymous_5)
FNDA:0,(anonymous_6)
FNDA:0,(anonymous_7)
FNDA:0,(anonymous_8)
DA:7,0
DA:15,0
DA:16,0
DA:17,0
DA:20,0
DA:21,0
DA:22,0
DA:25,0
DA:26,0
DA:27,0
DA:30,0
DA:31,0
DA:32,0
DA:35,0
DA:36,0
DA:37,0
DA:41,0
DA:84,2
DA:94,2
DA:98,2
DA:99,0
LF:21
LH:3
BRF:0
BRH:0
end_of_record
TN:
SF:containers/AddFish.js
FN:4,AddFish
FNF:1
FNH:0
FNDA:0,AddFish
DA:5,0
LF:1
LH:0
BRF:0
BRH:0
end_of_record
TN:
SF:containers/AddFly.js
FN:9,(anonymous_0)
FN:13,(anonymous_1)
FN:16,(anonymous_2)
FN:23,(anonymous_3)
FN:30,(anonymous_4)
FN:38,(anonymous_5)
FN:65,(anonymous_6)
FN:69,(anonymous_7)
FN:70,(anonymous_8)
FN:71,(anonymous_9)
FNF:10
FNH:0
FNDA:0,(anonymous_0)
FNDA:0,(anonymous_1)
FNDA:0,(anonymous_2)
FNDA:0,(anonymous_3)
FNDA:0,(anonymous_4)
FNDA:0,(anonymous_5)
FNDA:0,(anonymous_6)
FNDA:0,(anonymous_7)
FNDA:0,(anonymous_8)
FNDA:0,(anonymous_9)
DA:10,0
DA:13,0
DA:14,0
DA:15,0
DA:17,0
DA:18,0
DA:24,0
DA:31,0
DA:32,0
DA:39,0
DA:40,0
DA:50,1
DA:65,1
DA:69,1
DA:70,0
DA:71,0
LF:16
LH:3
BRF:0
BRH:0
end_of_record
TN:
SF:containers/EditFish.js
FN:4,EditFish
FNF:1
FNH:0
FNDA:0,EditFish
DA:5,0
LF:1
LH:0
BRF:0
BRH:0
end_of_record
TN:
SF:containers/EditFly.js
FN:9,(anonymous_0)
FN:16,(anonymous_1)
FN:17,(anonymous_2)
FN:22,(anonymous_3)
FN:26,(anonymous_4)
FN:30,(anonymous_5)
FN:36,(anonymous_6)
FN:43,(anonymous_7)
FN:69,(anonymous_8)
FN:74,(anonymous_9)
FN:75,(anonymous_10)
FN:76,(anonymous_11)
FNF:12
FNH:0
FNDA:0,(anonymous_0)
FNDA:0,(anonymous_1)
FNDA:0,(anonymous_2)
FNDA:0,(anonymous_3)
FNDA:0,(anonymous_4)
FNDA:0,(anonymous_5)
FNDA:0,(anonymous_6)
FNDA:0,(anonymous_7)
FNDA:0,(anonymous_8)
FNDA:0,(anonymous_9)
FNDA:0,(anonymous_10)
FNDA:0,(anonymous_11)
DA:10,0
DA:11,0
DA:16,0
DA:17,0
DA:18,0
DA:19,0
DA:22,0
DA:23,0
DA:26,0
DA:27,0
DA:31,0
DA:37,0
DA:44,0
DA:45,0
DA:54,1
DA:69,1
DA:74,1
DA:75,0
DA:76,0
LF:19
LH:3
BRF:0
BRH:0
end_of_record
TN:
SF:containers/FishCaught.js
FN:11,FishCaught
FN:16,(anonymous_1)
FNF:2
FNH:0
FNDA:0,FishCaught
FNDA:0,(anonymous_1)
DA:12,0
DA:17,0
DA:26,1
LF:3
LH:1
BRF:0
BRH:0
end_of_record
TN:
SF:containers/FlyBox.js
FN:8,(anonymous_0)
FN:15,(anonymous_1)
FN:19,(anonymous_2)
FN:20,(anonymous_3)
FN:23,(anonymous_4)
FN:24,(anonymous_5)
FN:27,(anonymous_6)
FN:34,(anonymous_7)
FN:56,(anonymous_8)
FN:97,(anonymous_9)
FN:101,(anonymous_10)
FN:102,(anonymous_11)
FNF:12
FNH:0
FNDA:0,(anonymous_0)
FNDA:0,(anonymous_1)
FNDA:0,(anonymous_2)
FNDA:0,(anonymous_3)
FNDA:0,(anonymous_4)
FNDA:0,(anonymous_5)
FNDA:0,(anonymous_6)
FNDA:0,(anonymous_7)
FNDA:0,(anonymous_8)
FNDA:0,(anonymous_9)
FNDA:0,(anonymous_10)
FNDA:0,(anonymous_11)
DA:8,1
DA:9,0
DA:16,0
DA:20,0
DA:24,0
DA:27,0
DA:28,0
DA:29,0
DA:35,0
DA:40,0
DA:57,0
DA:72,1
DA:97,1
DA:101,1
DA:102,0
LF:15
LH:4
BRDA:28,0,0,0
BRDA:28,0,1,0
BRF:2
BRH:0
end_of_record
TN:
SF:reducers/currentFlies.js
FN:1,(anonymous_0)
FNF:1
FNH:1
FNDA:6,(anonymous_0)
DA:1,2
DA:2,6
DA:4,1
DA:6,1
DA:8,4
LF:5
LH:5
BRDA:1,0,0,5
BRDA:2,1,0,1
BRDA:2,1,1,1
BRDA:2,1,2,4
BRF:4
BRH:4
end_of_record
TN:
SF:reducers/currentFlyEntry.js
FN:1,(anonymous_0)
FNF:1
FNH:1
FNDA:6,(anonymous_0)
DA:1,2
DA:7,6
DA:9,0
DA:10,0
DA:13,1
DA:14,1
DA:17,1
DA:24,4
LF:8
LH:6
BRDA:1,0,0,3
BRDA:7,1,0,0
BRDA:7,1,1,1
BRDA:7,1,2,1
BRDA:7,1,3,4
BRF:5
BRH:4
end_of_record
TN:
SF:reducers/index.js
FNF:0
FNH:0
DA:6,1
LF:1
LH:1
BRF:0
BRH:0
end_of_record
TN:
SF:reducers/selectedFlyId.js
FN:1,(anonymous_0)
FNF:1
FNH:1
FNDA:3,(anonymous_0)
DA:1,1
DA:2,3
DA:4,0
DA:5,0
DA:7,3
LF:5
LH:3
BRDA:1,0,0,3
BRDA:2,1,0,0
BRDA:2,1,1,3
BRF:3
BRH:2
end_of_record
